- (2321 ms) - 2019-4-12 18:26:28[DEBUG](MutablePropertySources.java:108) Adding [servletConfigInitParams] PropertySource with lowest search precedence
- (2322 ms) - 2019-4-12 18:26:28[DEBUG](MutablePropertySources.java:108) Adding [servletContextInitParams] PropertySource with lowest search precedence
- (2322 ms) - 2019-4-12 18:26:28[DEBUG](MutablePropertySources.java:108) Adding [jndiProperties] PropertySource with lowest search precedence
- (2322 ms) - 2019-4-12 18:26:28[DEBUG](MutablePropertySources.java:108) Adding [systemProperties] PropertySource with lowest search precedence
- (2322 ms) - 2019-4-12 18:26:28[DEBUG](MutablePropertySources.java:108) Adding [systemEnvironment] PropertySource with lowest search precedence
- (2323 ms) - 2019-4-12 18:26:28[DEBUG](AbstractEnvironment.java:126) Initialized StandardServletEnvironment with PropertySources [servletConfigInitParams,servletContextInitParams,jndiProperties,systemProperties,systemEnvironment]
- (2323 ms) - 2019-4-12 18:26:28[DEBUG](GenericFilterBean.java:172) Initializing filter 'encodingFilter'
- (2331 ms) - 2019-4-12 18:26:28[DEBUG](GenericFilterBean.java:197) Filter 'encodingFilter' configured successfully
- (2336 ms) - 2019-4-12 18:26:28[DEBUG](HttpServletBean.java:118) Initializing servlet 'spring'
- (2337 ms) - 2019-4-12 18:26:28[DEBUG](MutablePropertySources.java:108) Adding [servletConfigInitParams] PropertySource with lowest search precedence
- (2337 ms) - 2019-4-12 18:26:28[DEBUG](MutablePropertySources.java:108) Adding [servletContextInitParams] PropertySource with lowest search precedence
- (2337 ms) - 2019-4-12 18:26:28[DEBUG](MutablePropertySources.java:108) Adding [jndiProperties] PropertySource with lowest search precedence
- (2337 ms) - 2019-4-12 18:26:28[DEBUG](MutablePropertySources.java:108) Adding [systemProperties] PropertySource with lowest search precedence
- (2337 ms) - 2019-4-12 18:26:28[DEBUG](MutablePropertySources.java:108) Adding [systemEnvironment] PropertySource with lowest search precedence
- (2338 ms) - 2019-4-12 18:26:28[DEBUG](AbstractEnvironment.java:126) Initialized StandardServletEnvironment with PropertySources [servletConfigInitParams,servletContextInitParams,jndiProperties,systemProperties,systemEnvironment]
- (2345 ms) - 2019-4-12 18:26:28[ INFO](FrameworkServlet.java:457) FrameworkServlet 'spring': initialization started
- (2345 ms) - 2019-4-12 18:26:28[DEBUG](FrameworkServlet.java:585) Servlet with name 'spring' will try to create custom WebApplicationContext context of class 'org.springframework.web.context.support.XmlWebApplicationContext', using parent context [Root WebApplicationContext: startup date [Fri Apr 12 18:26:26 GMT+08:00 2019]; root of context hierarchy]
- (2346 ms) - 2019-4-12 18:26:28[DEBUG](PropertySourcesPropertyResolver.java:81) Searching for key 'spring.profiles.active' in [servletConfigInitParams]
- (2346 ms) - 2019-4-12 18:26:28[DEBUG](PropertySourcesPropertyResolver.java:81) Searching for key 'spring.profiles.active' in [servletContextInitParams]
- (2346 ms) - 2019-4-12 18:26:28[DEBUG](PropertySourcesPropertyResolver.java:81) Searching for key 'spring.profiles.active' in [jndiProperties]
- (2346 ms) - 2019-4-12 18:26:28[DEBUG](JndiTemplate.java:150) Looking up JNDI object with name [java:comp/env/spring.profiles.active]
- (2346 ms) - 2019-4-12 18:26:28[DEBUG](JndiLocatorSupport.java:101) Converted JNDI name [java:comp/env/spring.profiles.active] not found - trying original name [spring.profiles.active]. javax.naming.NameNotFoundException: Name [spring.profiles.active] is not bound in this Context. Unable to find [spring.profiles.active].
- (2346 ms) - 2019-4-12 18:26:28[DEBUG](JndiTemplate.java:150) Looking up JNDI object with name [spring.profiles.active]
- (2347 ms) - 2019-4-12 18:26:28[DEBUG](JndiPropertySource.java:90) JNDI lookup for name [spring.profiles.active] threw NamingException with message: Name [spring.profiles.active] is not bound in this Context. Unable to find [spring.profiles.active].. Returning null.
- (2347 ms) - 2019-4-12 18:26:28[DEBUG](PropertySourcesPropertyResolver.java:81) Searching for key 'spring.profiles.active' in [systemProperties]
- (2347 ms) - 2019-4-12 18:26:28[DEBUG](PropertySourcesPropertyResolver.java:81) Searching for key 'spring.profiles.active' in [systemEnvironment]
- (2347 ms) - 2019-4-12 18:26:28[DEBUG](PropertySourcesPropertyResolver.java:103) Could not find key 'spring.profiles.active' in any property source. Returning [null]
- (2347 ms) - 2019-4-12 18:26:28[DEBUG](PropertySourcesPropertyResolver.java:81) Searching for key 'spring.profiles.default' in [servletConfigInitParams]
- (2347 ms) - 2019-4-12 18:26:28[DEBUG](PropertySourcesPropertyResolver.java:81) Searching for key 'spring.profiles.default' in [servletContextInitParams]
- (2348 ms) - 2019-4-12 18:26:28[DEBUG](PropertySourcesPropertyResolver.java:81) Searching for key 'spring.profiles.default' in [jndiProperties]
- (2348 ms) - 2019-4-12 18:26:28[DEBUG](JndiTemplate.java:150) Looking up JNDI object with name [java:comp/env/spring.profiles.default]
- (2348 ms) - 2019-4-12 18:26:28[DEBUG](JndiLocatorSupport.java:101) Converted JNDI name [java:comp/env/spring.profiles.default] not found - trying original name [spring.profiles.default]. javax.naming.NameNotFoundException: Name [spring.profiles.default] is not bound in this Context. Unable to find [spring.profiles.default].
- (2348 ms) - 2019-4-12 18:26:28[DEBUG](JndiTemplate.java:150) Looking up JNDI object with name [spring.profiles.default]
- (2348 ms) - 2019-4-12 18:26:28[DEBUG](JndiPropertySource.java:90) JNDI lookup for name [spring.profiles.default] threw NamingException with message: Name [spring.profiles.default] is not bound in this Context. Unable to find [spring.profiles.default].. Returning null.
- (2348 ms) - 2019-4-12 18:26:28[DEBUG](PropertySourcesPropertyResolver.java:81) Searching for key 'spring.profiles.default' in [systemProperties]
- (2349 ms) - 2019-4-12 18:26:28[DEBUG](PropertySourcesPropertyResolver.java:81) Searching for key 'spring.profiles.default' in [systemEnvironment]
- (2349 ms) - 2019-4-12 18:26:28[DEBUG](PropertySourcesPropertyResolver.java:103) Could not find key 'spring.profiles.default' in any property source. Returning [null]
- (2349 ms) - 2019-4-12 18:26:28[DEBUG](PropertySourcesPropertyResolver.java:81) Searching for key 'spring.profiles.default' in [servletConfigInitParams]
- (2349 ms) - 2019-4-12 18:26:28[DEBUG](PropertySourcesPropertyResolver.java:81) Searching for key 'spring.profiles.default' in [servletContextInitParams]
- (2349 ms) - 2019-4-12 18:26:28[DEBUG](PropertySourcesPropertyResolver.java:81) Searching for key 'spring.profiles.default' in [jndiProperties]
- (2349 ms) - 2019-4-12 18:26:28[DEBUG](JndiTemplate.java:150) Looking up JNDI object with name [java:comp/env/spring.profiles.default]
- (2350 ms) - 2019-4-12 18:26:28[DEBUG](JndiLocatorSupport.java:101) Converted JNDI name [java:comp/env/spring.profiles.default] not found - trying original name [spring.profiles.default]. javax.naming.NameNotFoundException: Name [spring.profiles.default] is not bound in this Context. Unable to find [spring.profiles.default].
- (2350 ms) - 2019-4-12 18:26:28[DEBUG](JndiTemplate.java:150) Looking up JNDI object with name [spring.profiles.default]
- (2351 ms) - 2019-4-12 18:26:28[DEBUG](JndiPropertySource.java:90) JNDI lookup for name [spring.profiles.default] threw NamingException with message: Name [spring.profiles.default] is not bound in this Context. Unable to find [spring.profiles.default].. Returning null.
- (2351 ms) - 2019-4-12 18:26:28[DEBUG](PropertySourcesPropertyResolver.java:81) Searching for key 'spring.profiles.default' in [systemProperties]
- (2351 ms) - 2019-4-12 18:26:28[DEBUG](PropertySourcesPropertyResolver.java:81) Searching for key 'spring.profiles.default' in [systemEnvironment]
- (2351 ms) - 2019-4-12 18:26:28[DEBUG](PropertySourcesPropertyResolver.java:103) Could not find key 'spring.profiles.default' in any property source. Returning [null]
- (2353 ms) - 2019-4-12 18:26:28[DEBUG](MutablePropertySources.java:173) Replacing [servletContextInitParams] PropertySource with [servletContextInitParams]
- (2353 ms) - 2019-4-12 18:26:28[DEBUG](MutablePropertySources.java:173) Replacing [servletConfigInitParams] PropertySource with [servletConfigInitParams]
- (2354 ms) - 2019-4-12 18:26:28[ INFO](AbstractApplicationContext.java:512) Refreshing WebApplicationContext for namespace 'spring-servlet': startup date [Fri Apr 12 18:26:28 GMT+08:00 2019]; parent: Root WebApplicationContext
- (2355 ms) - 2019-4-12 18:26:28[DEBUG](MutablePropertySources.java:108) Adding [systemProperties] PropertySource with lowest search precedence
- (2360 ms) - 2019-4-12 18:26:28[DEBUG](MutablePropertySources.java:108) Adding [systemEnvironment] PropertySource with lowest search precedence
- (2360 ms) - 2019-4-12 18:26:28[DEBUG](AbstractEnvironment.java:126) Initialized StandardEnvironment with PropertySources [systemProperties,systemEnvironment]
- (2361 ms) - 2019-4-12 18:26:28[ INFO](XmlBeanDefinitionReader.java:316) Loading XML bean definitions from class path resource [spring-mvc.xml]
- (2368 ms) - 2019-4-12 18:26:28[DEBUG](DefaultDocumentLoader.java:72) Using JAXP provider [com.sun.org.apache.xerces.internal.jaxp.DocumentBuilderFactoryImpl]
- (2369 ms) - 2019-4-12 18:26:28[DEBUG](PluggableSchemaResolver.java:140) Loading schema mappings from [META-INF/spring.schemas]
- (2370 ms) - 2019-4-12 18:26:28[DEBUG](PluggableSchemaResolver.java:146) Loaded schema mappings: {http://mybatis.org/schema/mybatis-spring-1.2.xsd=org/mybatis/spring/config/mybatis-spring-1.2.xsd, http://www.springframework.org/schema/jee/spring-jee-3.2.xsd=org/springframework/ejb/config/spring-jee-3.2.xsd, http://www.springframework.org/schema/util/spring-util.xsd=org/springframework/beans/factory/xml/spring-util-3.2.xsd, http://www.springframework.org/schema/mvc/spring-mvc-3.1.xsd=org/springframework/web/servlet/config/spring-mvc-3.1.xsd, http://www.springframework.org/schema/task/spring-task.xsd=org/springframework/scheduling/config/spring-task-3.2.xsd, http://www.springframework.org/schema/beans/spring-beans-3.1.xsd=org/springframework/beans/factory/xml/spring-beans-3.1.xsd, http://www.springframework.org/schema/cache/spring-cache.xsd=org/springframework/cache/config/spring-cache-3.2.xsd, http://www.springframework.org/schema/aop/spring-aop-3.0.xsd=org/springframework/aop/config/spring-aop-3.0.xsd, http://www.springframework.org/schema/task/spring-task-3.1.xsd=org/springframework/scheduling/config/spring-task-3.1.xsd, http://www.springframework.org/schema/aop/spring-aop-2.0.xsd=org/springframework/aop/config/spring-aop-2.0.xsd, http://www.springframework.org/schema/tool/spring-tool-2.5.xsd=org/springframework/beans/factory/xml/spring-tool-2.5.xsd, http://www.springframework.org/schema/beans/spring-beans.xsd=org/springframework/beans/factory/xml/spring-beans-3.2.xsd, http://www.springframework.org/schema/jee/spring-jee-2.5.xsd=org/springframework/ejb/config/spring-jee-2.5.xsd, http://www.springframework.org/schema/jdbc/spring-jdbc-3.1.xsd=org/springframework/jdbc/config/spring-jdbc-3.1.xsd, http://www.springframework.org/schema/tool/spring-tool-3.1.xsd=org/springframework/beans/factory/xml/spring-tool-3.1.xsd, http://www.springframework.org/schema/jee/spring-jee-3.1.xsd=org/springframework/ejb/config/spring-jee-3.1.xsd, http://www.springframework.org/schema/aop/spring-aop.xsd=org/springframework/aop/config/spring-aop-3.2.xsd, http://www.springframework.org/schema/tx/spring-tx-3.2.xsd=org/springframework/transaction/config/spring-tx-3.2.xsd, http://www.springframework.org/schema/context/spring-context-3.2.xsd=org/springframework/context/config/spring-context-3.2.xsd, http://www.springframework.org/schema/beans/spring-beans-2.0.xsd=org/springframework/beans/factory/xml/spring-beans-2.0.xsd, http://www.springframework.org/schema/util/spring-util-3.2.xsd=org/springframework/beans/factory/xml/spring-util-3.2.xsd, http://www.springframework.org/schema/mvc/spring-mvc-3.0.xsd=org/springframework/web/servlet/config/spring-mvc-3.0.xsd, http://www.springframework.org/schema/lang/spring-lang-3.2.xsd=org/springframework/scripting/config/spring-lang-3.2.xsd, http://www.springframework.org/schema/beans/spring-beans-3.0.xsd=org/springframework/beans/factory/xml/spring-beans-3.0.xsd, http://www.springframework.org/schema/cache/spring-cache-3.2.xsd=org/springframework/cache/config/spring-cache-3.2.xsd, http://www.springframework.org/schema/task/spring-task-3.0.xsd=org/springframework/scheduling/config/spring-task-3.0.xsd, http://mybatis.org/schema/mybatis-spring.xsd=org/mybatis/spring/config/mybatis-spring-1.2.xsd, http://www.springframework.org/schema/tx/spring-tx-2.5.xsd=org/springframework/transaction/config/spring-tx-2.5.xsd, http://www.springframework.org/schema/context/spring-context-2.5.xsd=org/springframework/context/config/spring-context-2.5.xsd, http://www.springframework.org/schema/jdbc/spring-jdbc-3.0.xsd=org/springframework/jdbc/config/spring-jdbc-3.0.xsd, http://www.springframework.org/schema/tool/spring-tool-3.0.xsd=org/springframework/beans/factory/xml/spring-tool-3.0.xsd, http://www.springframework.org/schema/tx/spring-tx.xsd=org/springframework/transaction/config/spring-tx-3.2.xsd, http://www.springframework.org/schema/lang/spring-lang.xsd=org/springframework/scripting/config/spring-lang-3.2.xsd, http://www.springframework.org/schema/tool/spring-tool-2.0.xsd=org/springframework/beans/factory/xml/spring-tool-2.0.xsd, http://www.springframework.org/schema/util/spring-util-2.5.xsd=org/springframework/beans/factory/xml/spring-util-2.5.xsd, http://www.springframework.org/schema/lang/spring-lang-2.5.xsd=org/springframework/scripting/config/spring-lang-2.5.xsd, http://www.springframework.org/schema/aop/spring-aop-3.2.xsd=org/springframework/aop/config/spring-aop-3.2.xsd, http://www.springframework.org/schema/jee/spring-jee-3.0.xsd=org/springframework/ejb/config/spring-jee-3.0.xsd, http://www.springframework.org/schema/tx/spring-tx-3.1.xsd=org/springframework/transaction/config/spring-tx-3.1.xsd, http://www.springframework.org/schema/jee/spring-jee-2.0.xsd=org/springframework/ejb/config/spring-jee-2.0.xsd, http://www.springframework.org/schema/context/spring-context-3.1.xsd=org/springframework/context/config/spring-context-3.1.xsd, http://www.springframework.org/schema/util/spring-util-3.1.xsd=org/springframework/beans/factory/xml/spring-util-3.1.xsd, http://www.springframework.org/schema/lang/spring-lang-3.1.xsd=org/springframework/scripting/config/spring-lang-3.1.xsd, http://www.springframework.org/schema/cache/spring-cache-3.1.xsd=org/springframework/cache/config/spring-cache-3.1.xsd, http://www.springframework.org/schema/context/spring-context.xsd=org/springframework/context/config/spring-context-3.2.xsd, http://www.springframework.org/schema/jee/spring-jee.xsd=org/springframework/ejb/config/spring-jee-3.2.xsd, http://www.springframework.org/schema/aop/spring-aop-2.5.xsd=org/springframework/aop/config/spring-aop-2.5.xsd, http://www.springframework.org/schema/mvc/spring-mvc.xsd=org/springframework/web/servlet/config/spring-mvc-3.2.xsd, http://www.springframework.org/schema/mvc/spring-mvc-3.2.xsd=org/springframework/web/servlet/config/spring-mvc-3.2.xsd, http://www.springframework.org/schema/jdbc/spring-jdbc.xsd=org/springframework/jdbc/config/spring-jdbc-3.2.xsd, http://www.springframework.org/schema/beans/spring-beans-3.2.xsd=org/springframework/beans/factory/xml/spring-beans-3.2.xsd, http://www.springframework.org/schema/tx/spring-tx-2.0.xsd=org/springframework/transaction/config/spring-tx-2.0.xsd, http://www.springframework.org/schema/aop/spring-aop-3.1.xsd=org/springframework/aop/config/spring-aop-3.1.xsd, http://www.springframework.org/schema/task/spring-task-3.2.xsd=org/springframework/scheduling/config/spring-task-3.2.xsd, http://www.springframework.org/schema/tx/spring-tx-3.0.xsd=org/springframework/transaction/config/spring-tx-3.0.xsd, http://www.springframework.org/schema/context/spring-context-3.0.xsd=org/springframework/context/config/spring-context-3.0.xsd, http://www.springframework.org/schema/tool/spring-tool.xsd=org/springframework/beans/factory/xml/spring-tool-3.2.xsd, http://www.springframework.org/schema/util/spring-util-3.0.xsd=org/springframework/beans/factory/xml/spring-util-3.0.xsd, http://www.springframework.org/schema/lang/spring-lang-3.0.xsd=org/springframework/scripting/config/spring-lang-3.0.xsd, http://www.springframework.org/schema/util/spring-util-2.0.xsd=org/springframework/beans/factory/xml/spring-util-2.0.xsd, http://www.springframework.org/schema/lang/spring-lang-2.0.xsd=org/springframework/scripting/config/spring-lang-2.0.xsd, http://www.springframework.org/schema/jdbc/spring-jdbc-3.2.xsd=org/springframework/jdbc/config/spring-jdbc-3.2.xsd, http://www.springframework.org/schema/tool/spring-tool-3.2.xsd=org/springframework/beans/factory/xml/spring-tool-3.2.xsd, http://www.springframework.org/schema/beans/spring-beans-2.5.xsd=org/springframework/beans/factory/xml/spring-beans-2.5.xsd}
- (2371 ms) - 2019-4-12 18:26:28[DEBUG](PluggableSchemaResolver.java:118) Found XML schema [http://www.springframework.org/schema/beans/spring-beans.xsd] in classpath: org/springframework/beans/factory/xml/spring-beans-3.2.xsd
- (2378 ms) - 2019-4-12 18:26:28[DEBUG](PluggableSchemaResolver.java:118) Found XML schema [http://www.springframework.org/schema/context/spring-context.xsd] in classpath: org/springframework/context/config/spring-context-3.2.xsd
- (2381 ms) - 2019-4-12 18:26:28[DEBUG](PluggableSchemaResolver.java:118) Found XML schema [http://www.springframework.org/schema/tool/spring-tool-3.2.xsd] in classpath: org/springframework/beans/factory/xml/spring-tool-3.2.xsd
- (2386 ms) - 2019-4-12 18:26:28[DEBUG](PluggableSchemaResolver.java:118) Found XML schema [http://www.springframework.org/schema/mvc/spring-mvc.xsd] in classpath: org/springframework/web/servlet/config/spring-mvc-3.2.xsd
- (2389 ms) - 2019-4-12 18:26:28[DEBUG](DefaultBeanDefinitionDocumentReader.java:99) Loading bean definitions
- (2391 ms) - 2019-4-12 18:26:28[DEBUG](DefaultNamespaceHandlerResolver.java:156) Loaded NamespaceHandler mappings: {http://www.springframework.org/schema/p=org.springframework.beans.factory.xml.SimplePropertyNamespaceHandler, http://www.springframework.org/schema/mvc=org.springframework.web.servlet.config.MvcNamespaceHandler, http://www.springframework.org/schema/util=org.springframework.beans.factory.xml.UtilNamespaceHandler, http://www.springframework.org/schema/jee=org.springframework.ejb.config.JeeNamespaceHandler, http://www.springframework.org/schema/aop=org.springframework.aop.config.AopNamespaceHandler, http://www.springframework.org/schema/jdbc=org.springframework.jdbc.config.JdbcNamespaceHandler, http://www.springframework.org/schema/cache=org.springframework.cache.config.CacheNamespaceHandler, http://mybatis.org/schema/mybatis-spring=org.mybatis.spring.config.NamespaceHandler, http://www.springframework.org/schema/c=org.springframework.beans.factory.xml.SimpleConstructorNamespaceHandler, http://www.springframework.org/schema/tx=org.springframework.transaction.config.TxNamespaceHandler, http://www.springframework.org/schema/task=org.springframework.scheduling.config.TaskNamespaceHandler, http://www.springframework.org/schema/lang=org.springframework.scripting.config.LangNamespaceHandler, http://www.springframework.org/schema/context=org.springframework.context.config.ContextNamespaceHandler}
- (2392 ms) - 2019-4-12 18:26:28[DEBUG](MutablePropertySources.java:108) Adding [systemProperties] PropertySource with lowest search precedence
- (2392 ms) - 2019-4-12 18:26:28[DEBUG](MutablePropertySources.java:108) Adding [systemEnvironment] PropertySource with lowest search precedence
- (2392 ms) - 2019-4-12 18:26:28[DEBUG](AbstractEnvironment.java:126) Initialized StandardEnvironment with PropertySources [systemProperties,systemEnvironment]
- (2393 ms) - 2019-4-12 18:26:28[DEBUG](ClassPathScanningCandidateComponentProvider.java:231) JSR-250 'javax.annotation.ManagedBean' found and supported for component scanning
- (2396 ms) - 2019-4-12 18:26:28[DEBUG](PathMatchingResourcePatternResolver.java:553) Looking for matching resources in directory tree [E:\Work_Space\IDEAWork\smbms\out\artifacts\smbms_war_exploded\WEB-INF\classes\cn\smbms\controller]
- (2396 ms) - 2019-4-12 18:26:28[DEBUG](PathMatchingResourcePatternResolver.java:615) Searching directory [E:\Work_Space\IDEAWork\smbms\out\artifacts\smbms_war_exploded\WEB-INF\classes\cn\smbms\controller] for files matching pattern [E:/Work_Space/IDEAWork/smbms/out/artifacts/smbms_war_exploded/WEB-INF/classes/cn/smbms/controller/**/*.class]
- (2397 ms) - 2019-4-12 18:26:28[DEBUG](PathMatchingResourcePatternResolver.java:354) Resolved location pattern [classpath*:cn/smbms/controller/**/*.class] to resources [file [E:\Work_Space\IDEAWork\smbms\out\artifacts\smbms_war_exploded\WEB-INF\classes\cn\smbms\controller\loginController.class], file [E:\Work_Space\IDEAWork\smbms\out\artifacts\smbms_war_exploded\WEB-INF\classes\cn\smbms\controller\providerController.class], file [E:\Work_Space\IDEAWork\smbms\out\artifacts\smbms_war_exploded\WEB-INF\classes\cn\smbms\controller\userController.class]]
- (2401 ms) - 2019-4-12 18:26:28[DEBUG](ClassPathScanningCandidateComponentProvider.java:273) Identified candidate component class: file [E:\Work_Space\IDEAWork\smbms\out\artifacts\smbms_war_exploded\WEB-INF\classes\cn\smbms\controller\loginController.class]
- (2402 ms) - 2019-4-12 18:26:28[DEBUG](ClassPathScanningCandidateComponentProvider.java:273) Identified candidate component class: file [E:\Work_Space\IDEAWork\smbms\out\artifacts\smbms_war_exploded\WEB-INF\classes\cn\smbms\controller\providerController.class]
- (2405 ms) - 2019-4-12 18:26:28[DEBUG](ClassPathScanningCandidateComponentProvider.java:273) Identified candidate component class: file [E:\Work_Space\IDEAWork\smbms\out\artifacts\smbms_war_exploded\WEB-INF\classes\cn\smbms\controller\userController.class]
- (2434 ms) - 2019-4-12 18:26:28[DEBUG](BeanDefinitionParserDelegate.java:494) Neither XML 'id' nor 'name' specified - using generated bean name [org.springframework.http.converter.StringHttpMessageConverter#0]
- (2434 ms) - 2019-4-12 18:26:28[DEBUG](BeanDefinitionParserDelegate.java:494) Neither XML 'id' nor 'name' specified - using generated bean name [com.alibaba.fastjson.support.spring.FastJsonHttpMessageConverter#0]
- (2462 ms) - 2019-4-12 18:26:28[DEBUG](BeanDefinitionParserDelegate.java:494) Neither XML 'id' nor 'name' specified - using generated bean name [org.springframework.web.servlet.view.InternalResourceViewResolver#11bcf40]
- (2463 ms) - 2019-4-12 18:26:28[DEBUG](BeanDefinitionParserDelegate.java:494) Neither XML 'id' nor 'name' specified - using generated bean name [org.springframework.web.servlet.view.ContentNegotiatingViewResolver#0]
- (2463 ms) - 2019-4-12 18:26:28[DEBUG](BeanDefinitionParserDelegate.java:494) Neither XML 'id' nor 'name' specified - using generated bean name [cn.smbms.interceptor.SysInterceptor#0]
- (2464 ms) - 2019-4-12 18:26:28[DEBUG](AbstractBeanDefinitionReader.java:216) Loaded 24 bean definitions from location pattern [classpath:spring-mvc.xml]
- (2464 ms) - 2019-4-12 18:26:28[DEBUG](AbstractApplicationContext.java:542) Bean factory for WebApplicationContext for namespace 'spring-servlet': org.springframework.beans.factory.support.DefaultListableBeanFactory@14a25c7: defining beans [loginController,providerController,userController,org.springframework.context.annotation.internalConfigurationAnnotationProcessor,org.springframework.context.annotation.internalAutowiredAnnotationProcessor,org.springframework.context.annotation.internalRequiredAnnotationProcessor,org.springframework.context.annotation.internalCommonAnnotationProcessor,mvcContentNegotiationManager,org.springframework.web.servlet.mvc.method.annotation.RequestMappingHandlerMapping#0,org.springframework.format.support.FormattingConversionServiceFactoryBean#0,org.springframework.validation.beanvalidation.LocalValidatorFactoryBean#0,org.springframework.web.servlet.mvc.method.annotation.RequestMappingHandlerAdapter#0,org.springframework.web.servlet.handler.MappedInterceptor#0,org.springframework.web.servlet.mvc.method.annotation.ExceptionHandlerExceptionResolver#0,org.springframework.web.servlet.mvc.annotation.ResponseStatusExceptionResolver#0,org.springframework.web.servlet.mvc.support.DefaultHandlerExceptionResolver#0,org.springframework.web.servlet.handler.BeanNameUrlHandlerMapping,org.springframework.web.servlet.mvc.HttpRequestHandlerAdapter,org.springframework.web.servlet.mvc.SimpleControllerHandlerAdapter,org.springframework.web.servlet.resource.ResourceHttpRequestHandler#0,org.springframework.web.servlet.handler.SimpleUrlHandlerMapping#0,org.springframework.web.servlet.view.ContentNegotiatingViewResolver#0,org.springframework.web.servlet.handler.MappedInterceptor#1,multipartResolver]; parent: org.springframework.beans.factory.support.DefaultListableBeanFactory@41376f
- (2477 ms) - 2019-4-12 18:26:28[DEBUG](DefaultSingletonBeanRegistry.java:215) Creating shared instance of singleton bean 'org.springframework.context.annotation.internalConfigurationAnnotationProcessor'
- (2478 ms) - 2019-4-12 18:26:28[DEBUG](AbstractAutowireCapableBeanFactory.java:432) Creating instance of bean 'org.springframework.context.annotation.internalConfigurationAnnotationProcessor'
- (2479 ms) - 2019-4-12 18:26:28[DEBUG](AbstractAutowireCapableBeanFactory.java:506) Eagerly caching bean 'org.springframework.context.annotation.internalConfigurationAnnotationProcessor' to allow for resolving potential circular references
- (2479 ms) - 2019-4-12 18:26:28[DEBUG](AbstractAutowireCapableBeanFactory.java:460) Finished creating instance of bean 'org.springframework.context.annotation.internalConfigurationAnnotationProcessor'
- (2525 ms) - 2019-4-12 18:26:28[DEBUG](DefaultSingletonBeanRegistry.java:215) Creating shared instance of singleton bean 'org.springframework.context.annotation.internalAutowiredAnnotationProcessor'
- (2525 ms) - 2019-4-12 18:26:28[DEBUG](AbstractAutowireCapableBeanFactory.java:432) Creating instance of bean 'org.springframework.context.annotation.internalAutowiredAnnotationProcessor'
- (2526 ms) - 2019-4-12 18:26:28[DEBUG](AbstractAutowireCapableBeanFactory.java:506) Eagerly caching bean 'org.springframework.context.annotation.internalAutowiredAnnotationProcessor' to allow for resolving potential circular references
- (2527 ms) - 2019-4-12 18:26:28[DEBUG](AbstractAutowireCapableBeanFactory.java:460) Finished creating instance of bean 'org.springframework.context.annotation.internalAutowiredAnnotationProcessor'
- (2527 ms) - 2019-4-12 18:26:28[DEBUG](DefaultSingletonBeanRegistry.java:215) Creating shared instance of singleton bean 'org.springframework.context.annotation.internalRequiredAnnotationProcessor'
- (2527 ms) - 2019-4-12 18:26:28[DEBUG](AbstractAutowireCapableBeanFactory.java:432) Creating instance of bean 'org.springframework.context.annotation.internalRequiredAnnotationProcessor'
- (2527 ms) - 2019-4-12 18:26:28[DEBUG](AbstractAutowireCapableBeanFactory.java:506) Eagerly caching bean 'org.springframework.context.annotation.internalRequiredAnnotationProcessor' to allow for resolving potential circular references
- (2527 ms) - 2019-4-12 18:26:28[DEBUG](AbstractAutowireCapableBeanFactory.java:460) Finished creating instance of bean 'org.springframework.context.annotation.internalRequiredAnnotationProcessor'
- (2527 ms) - 2019-4-12 18:26:28[DEBUG](DefaultSingletonBeanRegistry.java:215) Creating shared instance of singleton bean 'org.springframework.context.annotation.internalCommonAnnotationProcessor'
- (2528 ms) - 2019-4-12 18:26:28[DEBUG](AbstractAutowireCapableBeanFactory.java:432) Creating instance of bean 'org.springframework.context.annotation.internalCommonAnnotationProcessor'
- (2528 ms) - 2019-4-12 18:26:28[DEBUG](AbstractAutowireCapableBeanFactory.java:506) Eagerly caching bean 'org.springframework.context.annotation.internalCommonAnnotationProcessor' to allow for resolving potential circular references
- (2528 ms) - 2019-4-12 18:26:28[DEBUG](AbstractAutowireCapableBeanFactory.java:460) Finished creating instance of bean 'org.springframework.context.annotation.internalCommonAnnotationProcessor'
- (2528 ms) - 2019-4-12 18:26:28[DEBUG](DefaultSingletonBeanRegistry.java:215) Creating shared instance of singleton bean 'org.springframework.context.annotation.ConfigurationClassPostProcessor.importAwareProcessor'
- (2529 ms) - 2019-4-12 18:26:28[DEBUG](AbstractAutowireCapableBeanFactory.java:432) Creating instance of bean 'org.springframework.context.annotation.ConfigurationClassPostProcessor.importAwareProcessor'
- (2529 ms) - 2019-4-12 18:26:28[DEBUG](AbstractAutowireCapableBeanFactory.java:506) Eagerly caching bean 'org.springframework.context.annotation.ConfigurationClassPostProcessor.importAwareProcessor' to allow for resolving potential circular references
- (2529 ms) - 2019-4-12 18:26:28[DEBUG](AbstractAutowireCapableBeanFactory.java:460) Finished creating instance of bean 'org.springframework.context.annotation.ConfigurationClassPostProcessor.importAwareProcessor'
- (2529 ms) - 2019-4-12 18:26:28[DEBUG](AbstractApplicationContext.java:809) Unable to locate MessageSource with name 'messageSource': using default [org.springframework.context.support.DelegatingMessageSource@1deb9b2]
- (2529 ms) - 2019-4-12 18:26:28[DEBUG](AbstractApplicationContext.java:833) Unable to locate ApplicationEventMulticaster with name 'applicationEventMulticaster': using default [org.springframework.context.event.SimpleApplicationEventMulticaster@d69d1d]
- (2530 ms) - 2019-4-12 18:26:28[DEBUG](UiApplicationContextUtils.java:85) Unable to locate ThemeSource with name 'themeSource': using default [org.springframework.ui.context.support.DelegatingThemeSource@1551ab4]
- (2531 ms) - 2019-4-12 18:26:28[ INFO](DefaultListableBeanFactory.java:603) Pre-instantiating singletons in org.springframework.beans.factory.support.DefaultListableBeanFactory@14a25c7: defining beans [loginController,providerController,userController,org.springframework.context.annotation.internalConfigurationAnnotationProcessor,org.springframework.context.annotation.internalAutowiredAnnotationProcessor,org.springframework.context.annotation.internalRequiredAnnotationProcessor,org.springframework.context.annotation.internalCommonAnnotationProcessor,mvcContentNegotiationManager,org.springframework.web.servlet.mvc.method.annotation.RequestMappingHandlerMapping#0,org.springframework.format.support.FormattingConversionServiceFactoryBean#0,org.springframework.validation.beanvalidation.LocalValidatorFactoryBean#0,org.springframework.web.servlet.mvc.method.annotation.RequestMappingHandlerAdapter#0,org.springframework.web.servlet.handler.MappedInterceptor#0,org.springframework.web.servlet.mvc.method.annotation.ExceptionHandlerExceptionResolver#0,org.springframework.web.servlet.mvc.annotation.ResponseStatusExceptionResolver#0,org.springframework.web.servlet.mvc.support.DefaultHandlerExceptionResolver#0,org.springframework.web.servlet.handler.BeanNameUrlHandlerMapping,org.springframework.web.servlet.mvc.HttpRequestHandlerAdapter,org.springframework.web.servlet.mvc.SimpleControllerHandlerAdapter,org.springframework.web.servlet.resource.ResourceHttpRequestHandler#0,org.springframework.web.servlet.handler.SimpleUrlHandlerMapping#0,org.springframework.web.servlet.view.ContentNegotiatingViewResolver#0,org.springframework.web.servlet.handler.MappedInterceptor#1,multipartResolver,org.springframework.context.annotation.ConfigurationClassPostProcessor.importAwareProcessor]; parent: org.springframework.beans.factory.support.DefaultListableBeanFactory@41376f
- (2531 ms) - 2019-4-12 18:26:28[DEBUG](DefaultSingletonBeanRegistry.java:215) Creating shared instance of singleton bean 'loginController'
- (2531 ms) - 2019-4-12 18:26:28[DEBUG](AbstractAutowireCapableBeanFactory.java:432) Creating instance of bean 'loginController'
- (2532 ms) - 2019-4-12 18:26:28[DEBUG](InjectionMetadata.java:72) Registered injected element on class [cn.smbms.controller.loginController]: ResourceElement for private cn.smbms.service.UserService cn.smbms.controller.loginController.userService
- (2533 ms) - 2019-4-12 18:26:28[DEBUG](AbstractAutowireCapableBeanFactory.java:506) Eagerly caching bean 'loginController' to allow for resolving potential circular references
- (2534 ms) - 2019-4-12 18:26:28[DEBUG](InjectionMetadata.java:86) Processing injected element of bean 'loginController': ResourceElement for private cn.smbms.service.UserService cn.smbms.controller.loginController.userService
- (2536 ms) - 2019-4-12 18:26:28[DEBUG](AbstractBeanFactory.java:243) Returning cached instance of singleton bean 'userServiceImpl'
- (2537 ms) - 2019-4-12 18:26:28[DEBUG](AbstractAutowireCapableBeanFactory.java:460) Finished creating instance of bean 'loginController'
- (2537 ms) - 2019-4-12 18:26:28[DEBUG](DefaultSingletonBeanRegistry.java:215) Creating shared instance of singleton bean 'providerController'
- (2537 ms) - 2019-4-12 18:26:28[DEBUG](AbstractAutowireCapableBeanFactory.java:432) Creating instance of bean 'providerController'
- (2538 ms) - 2019-4-12 18:26:28[DEBUG](InjectionMetadata.java:72) Registered injected element on class [cn.smbms.controller.providerController]: ResourceElement for private cn.smbms.service.ProviderService cn.smbms.controller.providerController.providerService
- (2538 ms) - 2019-4-12 18:26:28[DEBUG](AbstractAutowireCapableBeanFactory.java:506) Eagerly caching bean 'providerController' to allow for resolving potential circular references
- (2539 ms) - 2019-4-12 18:26:28[DEBUG](InjectionMetadata.java:86) Processing injected element of bean 'providerController': ResourceElement for private cn.smbms.service.ProviderService cn.smbms.controller.providerController.providerService
- (2539 ms) - 2019-4-12 18:26:28[DEBUG](AbstractBeanFactory.java:243) Returning cached instance of singleton bean 'providerService'
- (2540 ms) - 2019-4-12 18:26:28[DEBUG](AbstractAutowireCapableBeanFactory.java:460) Finished creating instance of bean 'providerController'
- (2540 ms) - 2019-4-12 18:26:28[DEBUG](DefaultSingletonBeanRegistry.java:215) Creating shared instance of singleton bean 'userController'
- (2540 ms) - 2019-4-12 18:26:28[DEBUG](AbstractAutowireCapableBeanFactory.java:432) Creating instance of bean 'userController'
- (2542 ms) - 2019-4-12 18:26:28[DEBUG](InjectionMetadata.java:72) Registered injected element on class [cn.smbms.controller.userController]: ResourceElement for private cn.smbms.service.UserService cn.smbms.controller.userController.userService
- (2542 ms) - 2019-4-12 18:26:28[DEBUG](InjectionMetadata.java:72) Registered injected element on class [cn.smbms.controller.userController]: ResourceElement for private cn.smbms.service.RoleService cn.smbms.controller.userController.roleService
- (2542 ms) - 2019-4-12 18:26:28[DEBUG](AbstractAutowireCapableBeanFactory.java:506) Eagerly caching bean 'userController' to allow for resolving potential circular references
- (2543 ms) - 2019-4-12 18:26:28[DEBUG](InjectionMetadata.java:86) Processing injected element of bean 'userController': ResourceElement for private cn.smbms.service.UserService cn.smbms.controller.userController.userService
- (2544 ms) - 2019-4-12 18:26:28[DEBUG](AbstractBeanFactory.java:243) Returning cached instance of singleton bean 'userServiceImpl'
- (2544 ms) - 2019-4-12 18:26:28[DEBUG](InjectionMetadata.java:86) Processing injected element of bean 'userController': ResourceElement for private cn.smbms.service.RoleService cn.smbms.controller.userController.roleService
- (2544 ms) - 2019-4-12 18:26:28[DEBUG](AbstractBeanFactory.java:243) Returning cached instance of singleton bean 'roleServiceImpl'
- (2544 ms) - 2019-4-12 18:26:28[DEBUG](AbstractAutowireCapableBeanFactory.java:460) Finished creating instance of bean 'userController'
- (2545 ms) - 2019-4-12 18:26:28[DEBUG](AbstractBeanFactory.java:243) Returning cached instance of singleton bean 'org.springframework.context.annotation.internalConfigurationAnnotationProcessor'
- (2545 ms) - 2019-4-12 18:26:28[DEBUG](AbstractBeanFactory.java:243) Returning cached instance of singleton bean 'org.springframework.context.annotation.internalAutowiredAnnotationProcessor'
- (2545 ms) - 2019-4-12 18:26:28[DEBUG](AbstractBeanFactory.java:243) Returning cached instance of singleton bean 'org.springframework.context.annotation.internalRequiredAnnotationProcessor'
- (2545 ms) - 2019-4-12 18:26:28[DEBUG](AbstractBeanFactory.java:243) Returning cached instance of singleton bean 'org.springframework.context.annotation.internalCommonAnnotationProcessor'
- (2545 ms) - 2019-4-12 18:26:28[DEBUG](DefaultSingletonBeanRegistry.java:215) Creating shared instance of singleton bean 'mvcContentNegotiationManager'
- (2545 ms) - 2019-4-12 18:26:28[DEBUG](AbstractAutowireCapableBeanFactory.java:432) Creating instance of bean 'mvcContentNegotiationManager'
- (2545 ms) - 2019-4-12 18:26:28[DEBUG](AbstractAutowireCapableBeanFactory.java:506) Eagerly caching bean 'mvcContentNegotiationManager' to allow for resolving potential circular references
- (2552 ms) - 2019-4-12 18:26:28[DEBUG](AbstractAutowireCapableBeanFactory.java:1557) Invoking afterPropertiesSet() on bean with name 'mvcContentNegotiationManager'
- (2566 ms) - 2019-4-12 18:26:28[DEBUG](AbstractAutowireCapableBeanFactory.java:460) Finished creating instance of bean 'mvcContentNegotiationManager'
- (2566 ms) - 2019-4-12 18:26:28[DEBUG](DefaultSingletonBeanRegistry.java:215) Creating shared instance of singleton bean 'org.springframework.web.servlet.mvc.method.annotation.RequestMappingHandlerMapping#0'
- (2566 ms) - 2019-4-12 18:26:28[DEBUG](AbstractAutowireCapableBeanFactory.java:432) Creating instance of bean 'org.springframework.web.servlet.mvc.method.annotation.RequestMappingHandlerMapping#0'
- (2571 ms) - 2019-4-12 18:26:28[DEBUG](AbstractAutowireCapableBeanFactory.java:506) Eagerly caching bean 'org.springframework.web.servlet.mvc.method.annotation.RequestMappingHandlerMapping#0' to allow for resolving potential circular references
- (2581 ms) - 2019-4-12 18:26:28[DEBUG](AbstractBeanFactory.java:243) Returning cached instance of singleton bean 'mvcContentNegotiationManager'
- (2582 ms) - 2019-4-12 18:26:28[DEBUG](DefaultSingletonBeanRegistry.java:215) Creating shared instance of singleton bean 'org.springframework.web.servlet.handler.MappedInterceptor#0'
- (2583 ms) - 2019-4-12 18:26:28[DEBUG](AbstractAutowireCapableBeanFactory.java:432) Creating instance of bean 'org.springframework.web.servlet.handler.MappedInterceptor#0'
- (2605 ms) - 2019-4-12 18:26:28[DEBUG](AbstractAutowireCapableBeanFactory.java:432) Creating instance of bean '(inner bean)#aa5e68'
- (2606 ms) - 2019-4-12 18:26:28[DEBUG](DefaultSingletonBeanRegistry.java:215) Creating shared instance of singleton bean 'org.springframework.format.support.FormattingConversionServiceFactoryBean#0'
- (2606 ms) - 2019-4-12 18:26:28[DEBUG](AbstractAutowireCapableBeanFactory.java:432) Creating instance of bean 'org.springframework.format.support.FormattingConversionServiceFactoryBean#0'
- (2608 ms) - 2019-4-12 18:26:28[DEBUG](AbstractAutowireCapableBeanFactory.java:506) Eagerly caching bean 'org.springframework.format.support.FormattingConversionServiceFactoryBean#0' to allow for resolving potential circular references
- (2613 ms) - 2019-4-12 18:26:28[DEBUG](AbstractAutowireCapableBeanFactory.java:1557) Invoking afterPropertiesSet() on bean with name 'org.springframework.format.support.FormattingConversionServiceFactoryBean#0'
- (2641 ms) - 2019-4-12 18:26:28[DEBUG](AbstractAutowireCapableBeanFactory.java:460) Finished creating instance of bean 'org.springframework.format.support.FormattingConversionServiceFactoryBean#0'
- (2652 ms) - 2019-4-12 18:26:28[DEBUG](AbstractAutowireCapableBeanFactory.java:460) Finished creating instance of bean '(inner bean)#aa5e68'
- (2656 ms) - 2019-4-12 18:26:28[DEBUG](BeanUtils.java:456) No property editor [org.springframework.web.context.request.WebRequestInterceptorEditor] found for type org.springframework.web.context.request.WebRequestInterceptor according to 'Editor' suffix convention
- (2657 ms) - 2019-4-12 18:26:28[DEBUG](AbstractAutowireCapableBeanFactory.java:506) Eagerly caching bean 'org.springframework.web.servlet.handler.MappedInterceptor#0' to allow for resolving potential circular references
- (2660 ms) - 2019-4-12 18:26:28[DEBUG](AbstractAutowireCapableBeanFactory.java:460) Finished creating instance of bean 'org.springframework.web.servlet.handler.MappedInterceptor#0'
- (2660 ms) - 2019-4-12 18:26:28[DEBUG](DefaultSingletonBeanRegistry.java:215) Creating shared instance of singleton bean 'org.springframework.web.servlet.handler.MappedInterceptor#1'
- (2660 ms) - 2019-4-12 18:26:28[DEBUG](AbstractAutowireCapableBeanFactory.java:432) Creating instance of bean 'org.springframework.web.servlet.handler.MappedInterceptor#1'
- (2661 ms) - 2019-4-12 18:26:28[DEBUG](AbstractAutowireCapableBeanFactory.java:432) Creating instance of bean 'cn.smbms.interceptor.SysInterceptor#0'
- (2669 ms) - 2019-4-12 18:26:28[DEBUG](AbstractAutowireCapableBeanFactory.java:460) Finished creating instance of bean 'cn.smbms.interceptor.SysInterceptor#0'
- (2670 ms) - 2019-4-12 18:26:28[DEBUG](AbstractAutowireCapableBeanFactory.java:506) Eagerly caching bean 'org.springframework.web.servlet.handler.MappedInterceptor#1' to allow for resolving potential circular references
- (2670 ms) - 2019-4-12 18:26:28[DEBUG](AbstractAutowireCapableBeanFactory.java:460) Finished creating instance of bean 'org.springframework.web.servlet.handler.MappedInterceptor#1'
- (2670 ms) - 2019-4-12 18:26:28[DEBUG](AbstractAutowireCapableBeanFactory.java:1557) Invoking afterPropertiesSet() on bean with name 'org.springframework.web.servlet.mvc.method.annotation.RequestMappingHandlerMapping#0'
- (2671 ms) - 2019-4-12 18:26:28[DEBUG](AbstractHandlerMethodMapping.java:99) Looking for request mappings in application context: WebApplicationContext for namespace 'spring-servlet': startup date [Fri Apr 12 18:26:28 GMT+08:00 2019]; parent: Root WebApplicationContext
- (2687 ms) - 2019-4-12 18:26:28[ INFO](AbstractHandlerMethodMapping.java:180) Mapped "{[/logout.html],methods=[],params=[],headers=[],consumes=[],produces=[],custom=[]}" onto public java.lang.String cn.smbms.controller.loginController.logout(javax.servlet.http.HttpSession)
- (2687 ms) - 2019-4-12 18:26:28[ INFO](AbstractHandlerMethodMapping.java:180) Mapped "{[/sys/main.html],methods=[],params=[],headers=[],consumes=[],produces=[],custom=[]}" onto public java.lang.String cn.smbms.controller.loginController.main()
- (2688 ms) - 2019-4-12 18:26:28[ INFO](AbstractHandlerMethodMapping.java:180) Mapped "{[/doLogin.html],methods=[POST],params=[],headers=[],consumes=[],produces=[],custom=[]}" onto public java.lang.String cn.smbms.controller.loginController.doLogin(java.lang.String,java.lang.String,javax.servlet.http.HttpSession,javax.servlet.http.HttpServletRequest)
- (2688 ms) - 2019-4-12 18:26:28[ INFO](AbstractHandlerMethodMapping.java:180) Mapped "{[/login.html],methods=[],params=[],headers=[],consumes=[],produces=[],custom=[]}" onto public java.lang.String cn.smbms.controller.loginController.Login()
- (2689 ms) - 2019-4-12 18:26:28[ INFO](AbstractHandlerMethodMapping.java:180) Mapped "{[/sys/provider/providerlist.html],methods=[],params=[],headers=[],consumes=[],produces=[],custom=[]}" onto public java.lang.String cn.smbms.controller.providerController.list(java.lang.String,java.lang.String,java.lang.String,org.springframework.ui.Model)
- (2690 ms) - 2019-4-12 18:26:28[ INFO](AbstractHandlerMethodMapping.java:180) Mapped "{[/sys/user/add.html],methods=[GET],params=[],headers=[],consumes=[],produces=[],custom=[]}" onto public java.lang.String cn.smbms.controller.userController.add(org.springframework.ui.Model,cn.smbms.pojo.User)
- (2690 ms) - 2019-4-12 18:26:28[ INFO](AbstractHandlerMethodMapping.java:180) Mapped "{[/sys/user/list.html],methods=[],params=[],headers=[],consumes=[],produces=[],custom=[]}" onto public java.lang.String cn.smbms.controller.userController.userlist(org.springframework.ui.Model,java.lang.String,java.lang.String,java.lang.String)
- (2690 ms) - 2019-4-12 18:26:28[ INFO](AbstractHandlerMethodMapping.java:180) Mapped "{[/sys/user/addsave.html],methods=[POST],params=[],headers=[],consumes=[],produces=[],custom=[]}" onto public java.lang.String cn.smbms.controller.userController.addSave(cn.smbms.pojo.User,org.springframework.validation.BindingResult,javax.servlet.http.HttpSession,javax.servlet.http.HttpServletRequest,org.springframework.web.multipart.MultipartFile[])
- (2691 ms) - 2019-4-12 18:26:28[ INFO](AbstractHandlerMethodMapping.java:180) Mapped "{[/sys/user/pwdsave.html],methods=[],params=[],headers=[],consumes=[],produces=[],custom=[]}" onto public java.lang.String cn.smbms.controller.userController.toSave(java.lang.String,javax.servlet.http.HttpSession,org.springframework.ui.Model)
- (2691 ms) - 2019-4-12 18:26:28[ INFO](AbstractHandlerMethodMapping.java:180) Mapped "{[/sys/user/modifyPwd.html],methods=[],params=[],headers=[],consumes=[],produces=[],custom=[]}" onto public java.lang.String cn.smbms.controller.userController.toModify()
- (2691 ms) - 2019-4-12 18:26:28[ INFO](AbstractHandlerMethodMapping.java:180) Mapped "{[/sys/user/ucexist.html],methods=[GET],params=[],headers=[],consumes=[],produces=[],custom=[]}" onto public java.lang.Object cn.smbms.controller.userController.ucexist(java.lang.String)
- (2691 ms) - 2019-4-12 18:26:28[ INFO](AbstractHandlerMethodMapping.java:180) Mapped "{[/sys/user/rolelist.json],methods=[GET],params=[],headers=[],consumes=[],produces=[],custom=[]}" onto public java.lang.Object cn.smbms.controller.userController.roleList()
- (2692 ms) - 2019-4-12 18:26:28[DEBUG](AbstractAutowireCapableBeanFactory.java:460) Finished creating instance of bean 'org.springframework.web.servlet.mvc.method.annotation.RequestMappingHandlerMapping#0'
- (2692 ms) - 2019-4-12 18:26:28[DEBUG](AbstractBeanFactory.java:243) Returning cached instance of singleton bean 'org.springframework.format.support.FormattingConversionServiceFactoryBean#0'
- (2692 ms) - 2019-4-12 18:26:28[DEBUG](DefaultSingletonBeanRegistry.java:215) Creating shared instance of singleton bean 'org.springframework.validation.beanvalidation.LocalValidatorFactoryBean#0'
- (2693 ms) - 2019-4-12 18:26:28[DEBUG](AbstractAutowireCapableBeanFactory.java:432) Creating instance of bean 'org.springframework.validation.beanvalidation.LocalValidatorFactoryBean#0'
- (2701 ms) - 2019-4-12 18:26:28[DEBUG](AbstractAutowireCapableBeanFactory.java:506) Eagerly caching bean 'org.springframework.validation.beanvalidation.LocalValidatorFactoryBean#0' to allow for resolving potential circular references
- (2708 ms) - 2019-4-12 18:26:28[DEBUG](AbstractAutowireCapableBeanFactory.java:1557) Invoking afterPropertiesSet() on bean with name 'org.springframework.validation.beanvalidation.LocalValidatorFactoryBean#0'
- (2758 ms) - 2019-4-12 18:26:28[DEBUG](LoggerFactory.java:28) Logging Provider: org.jboss.logging.Log4jLoggerProvider
- (2758 ms) - 2019-4-12 18:26:28[ INFO](Version.java:27) HV000001: Hibernate Validator 4.3.2.Final
- (2763 ms) - 2019-4-12 18:26:28[DEBUG](DefaultTraversableResolver.java:80) Cannot find javax.persistence.Persistence on classpath. Assuming non JPA 2 environment. All properties will per default be traversable.
- (2766 ms) - 2019-4-12 18:26:28[DEBUG](ConfigurationImpl.java:111) Setting custom MessageInterpolator of type org.springframework.validation.beanvalidation.LocaleContextMessageInterpolator
- (2767 ms) - 2019-4-12 18:26:28[DEBUG](ConfigurationImpl.java:131) Setting custom ConstraintValidatorFactory of type org.springframework.validation.beanvalidation.SpringConstraintValidatorFactory
- (2769 ms) - 2019-4-12 18:26:28[DEBUG](ValidationXmlParser.java:190) Trying to load META-INF/validation.xml for XML based Validator configuration.
- (2774 ms) - 2019-4-12 18:26:28[DEBUG](ValidationXmlParser.java:193) No META-INF/validation.xml found. Using annotation based configuration only.
- (2836 ms) - 2019-4-12 18:26:28[DEBUG](AbstractAutowireCapableBeanFactory.java:460) Finished creating instance of bean 'org.springframework.validation.beanvalidation.LocalValidatorFactoryBean#0'
- (2836 ms) - 2019-4-12 18:26:28[DEBUG](DefaultSingletonBeanRegistry.java:215) Creating shared instance of singleton bean 'org.springframework.web.servlet.mvc.method.annotation.RequestMappingHandlerAdapter#0'
- (2836 ms) - 2019-4-12 18:26:28[DEBUG](AbstractAutowireCapableBeanFactory.java:432) Creating instance of bean 'org.springframework.web.servlet.mvc.method.annotation.RequestMappingHandlerAdapter#0'
- (2888 ms) - 2019-4-12 18:26:28[DEBUG](AbstractAutowireCapableBeanFactory.java:506) Eagerly caching bean 'org.springframework.web.servlet.mvc.method.annotation.RequestMappingHandlerAdapter#0' to allow for resolving potential circular references
- (2907 ms) - 2019-4-12 18:26:28[DEBUG](AbstractBeanFactory.java:243) Returning cached instance of singleton bean 'mvcContentNegotiationManager'
- (2908 ms) - 2019-4-12 18:26:28[DEBUG](AbstractAutowireCapableBeanFactory.java:432) Creating instance of bean '(inner bean)#1fceb3e'
- (2916 ms) - 2019-4-12 18:26:28[DEBUG](AbstractBeanFactory.java:243) Returning cached instance of singleton bean 'org.springframework.format.support.FormattingConversionServiceFactoryBean#0'
- (2917 ms) - 2019-4-12 18:26:28[DEBUG](AbstractBeanFactory.java:243) Returning cached instance of singleton bean 'org.springframework.validation.beanvalidation.LocalValidatorFactoryBean#0'
- (2917 ms) - 2019-4-12 18:26:28[DEBUG](AbstractAutowireCapableBeanFactory.java:460) Finished creating instance of bean '(inner bean)#1fceb3e'
- (2917 ms) - 2019-4-12 18:26:28[DEBUG](AbstractAutowireCapableBeanFactory.java:432) Creating instance of bean 'org.springframework.http.converter.StringHttpMessageConverter#0'
- (2924 ms) - 2019-4-12 18:26:28[DEBUG](AbstractAutowireCapableBeanFactory.java:460) Finished creating instance of bean 'org.springframework.http.converter.StringHttpMessageConverter#0'
- (2924 ms) - 2019-4-12 18:26:28[DEBUG](AbstractAutowireCapableBeanFactory.java:432) Creating instance of bean 'com.alibaba.fastjson.support.spring.FastJsonHttpMessageConverter#0'
- (3023 ms) - 2019-4-12 18:26:29[DEBUG](BeanUtils.java:456) No property editor [com.alibaba.fastjson.serializer.SerializerFeatureEditor] found for type com.alibaba.fastjson.serializer.SerializerFeature according to 'Editor' suffix convention
- (3024 ms) - 2019-4-12 18:26:29[DEBUG](AbstractAutowireCapableBeanFactory.java:460) Finished creating instance of bean 'com.alibaba.fastjson.support.spring.FastJsonHttpMessageConverter#0'
- (3024 ms) - 2019-4-12 18:26:29[DEBUG](AbstractAutowireCapableBeanFactory.java:432) Creating instance of bean '(inner bean)#b30e1c'
- (3028 ms) - 2019-4-12 18:26:29[DEBUG](AbstractAutowireCapableBeanFactory.java:460) Finished creating instance of bean '(inner bean)#b30e1c'
- (3029 ms) - 2019-4-12 18:26:29[DEBUG](AbstractAutowireCapableBeanFactory.java:432) Creating instance of bean '(inner bean)#1eced47'
- (3029 ms) - 2019-4-12 18:26:29[DEBUG](AbstractAutowireCapableBeanFactory.java:460) Finished creating instance of bean '(inner bean)#1eced47'
- (3030 ms) - 2019-4-12 18:26:29[DEBUG](AbstractAutowireCapableBeanFactory.java:432) Creating instance of bean '(inner bean)#1b66de2'
- (3033 ms) - 2019-4-12 18:26:29[DEBUG](AbstractAutowireCapableBeanFactory.java:460) Finished creating instance of bean '(inner bean)#1b66de2'
- (3033 ms) - 2019-4-12 18:26:29[DEBUG](AbstractAutowireCapableBeanFactory.java:432) Creating instance of bean '(inner bean)#9eb268'
- (3037 ms) - 2019-4-12 18:26:29[DEBUG](AbstractAutowireCapableBeanFactory.java:460) Finished creating instance of bean '(inner bean)#9eb268'
- (3038 ms) - 2019-4-12 18:26:29[DEBUG](AbstractAutowireCapableBeanFactory.java:432) Creating instance of bean '(inner bean)#ad5d6d'
- (3044 ms) - 2019-4-12 18:26:29[DEBUG](AbstractAutowireCapableBeanFactory.java:460) Finished creating instance of bean '(inner bean)#ad5d6d'
- (3044 ms) - 2019-4-12 18:26:29[DEBUG](AbstractAutowireCapableBeanFactory.java:432) Creating instance of bean '(inner bean)#1d7abea'
- (3065 ms) - 2019-4-12 18:26:29[DEBUG](AbstractAutowireCapableBeanFactory.java:460) Finished creating instance of bean '(inner bean)#1d7abea'
- (3065 ms) - 2019-4-12 18:26:29[DEBUG](AbstractAutowireCapableBeanFactory.java:1557) Invoking afterPropertiesSet() on bean with name 'org.springframework.web.servlet.mvc.method.annotation.RequestMappingHandlerAdapter#0'
- (3153 ms) - 2019-4-12 18:26:29[DEBUG](RequestMappingHandlerAdapter.java:614) Looking for controller advice: WebApplicationContext for namespace 'spring-servlet': startup date [Fri Apr 12 18:26:28 GMT+08:00 2019]; parent: Root WebApplicationContext
- (3155 ms) - 2019-4-12 18:26:29[DEBUG](AbstractAutowireCapableBeanFactory.java:460) Finished creating instance of bean 'org.springframework.web.servlet.mvc.method.annotation.RequestMappingHandlerAdapter#0'
- (3155 ms) - 2019-4-12 18:26:29[DEBUG](AbstractBeanFactory.java:243) Returning cached instance of singleton bean 'org.springframework.web.servlet.handler.MappedInterceptor#0'
- (3156 ms) - 2019-4-12 18:26:29[DEBUG](DefaultSingletonBeanRegistry.java:215) Creating shared instance of singleton bean 'org.springframework.web.servlet.mvc.method.annotation.ExceptionHandlerExceptionResolver#0'
- (3156 ms) - 2019-4-12 18:26:29[DEBUG](AbstractAutowireCapableBeanFactory.java:432) Creating instance of bean 'org.springframework.web.servlet.mvc.method.annotation.ExceptionHandlerExceptionResolver#0'
- (3157 ms) - 2019-4-12 18:26:29[DEBUG](AbstractAutowireCapableBeanFactory.java:506) Eagerly caching bean 'org.springframework.web.servlet.mvc.method.annotation.ExceptionHandlerExceptionResolver#0' to allow for resolving potential circular references
- (3164 ms) - 2019-4-12 18:26:29[DEBUG](AbstractBeanFactory.java:243) Returning cached instance of singleton bean 'mvcContentNegotiationManager'
- (3164 ms) - 2019-4-12 18:26:29[DEBUG](AbstractAutowireCapableBeanFactory.java:432) Creating instance of bean 'org.springframework.http.converter.StringHttpMessageConverter#0#1'
- (3165 ms) - 2019-4-12 18:26:29[DEBUG](AbstractAutowireCapableBeanFactory.java:460) Finished creating instance of bean 'org.springframework.http.converter.StringHttpMessageConverter#0#1'
- (3165 ms) - 2019-4-12 18:26:29[DEBUG](AbstractAutowireCapableBeanFactory.java:432) Creating instance of bean 'com.alibaba.fastjson.support.spring.FastJsonHttpMessageConverter#0#1'
- (3166 ms) - 2019-4-12 18:26:29[DEBUG](AbstractAutowireCapableBeanFactory.java:460) Finished creating instance of bean 'com.alibaba.fastjson.support.spring.FastJsonHttpMessageConverter#0#1'
- (3166 ms) - 2019-4-12 18:26:29[DEBUG](AbstractAutowireCapableBeanFactory.java:432) Creating instance of bean '(inner bean)#b30e1c#1'
- (3166 ms) - 2019-4-12 18:26:29[DEBUG](AbstractAutowireCapableBeanFactory.java:460) Finished creating instance of bean '(inner bean)#b30e1c#1'
- (3166 ms) - 2019-4-12 18:26:29[DEBUG](AbstractAutowireCapableBeanFactory.java:432) Creating instance of bean '(inner bean)#1eced47#1'
- (3167 ms) - 2019-4-12 18:26:29[DEBUG](AbstractAutowireCapableBeanFactory.java:460) Finished creating instance of bean '(inner bean)#1eced47#1'
- (3167 ms) - 2019-4-12 18:26:29[DEBUG](AbstractAutowireCapableBeanFactory.java:432) Creating instance of bean '(inner bean)#1b66de2#1'
- (3168 ms) - 2019-4-12 18:26:29[DEBUG](AbstractAutowireCapableBeanFactory.java:460) Finished creating instance of bean '(inner bean)#1b66de2#1'
- (3168 ms) - 2019-4-12 18:26:29[DEBUG](AbstractAutowireCapableBeanFactory.java:432) Creating instance of bean '(inner bean)#9eb268#1'
- (3169 ms) - 2019-4-12 18:26:29[DEBUG](AbstractAutowireCapableBeanFactory.java:460) Finished creating instance of bean '(inner bean)#9eb268#1'
- (3169 ms) - 2019-4-12 18:26:29[DEBUG](AbstractAutowireCapableBeanFactory.java:432) Creating instance of bean '(inner bean)#ad5d6d#1'
- (3169 ms) - 2019-4-12 18:26:29[DEBUG](AbstractAutowireCapableBeanFactory.java:460) Finished creating instance of bean '(inner bean)#ad5d6d#1'
- (3170 ms) - 2019-4-12 18:26:29[DEBUG](AbstractAutowireCapableBeanFactory.java:432) Creating instance of bean '(inner bean)#1d7abea#1'
- (3170 ms) - 2019-4-12 18:26:29[DEBUG](AbstractAutowireCapableBeanFactory.java:460) Finished creating instance of bean '(inner bean)#1d7abea#1'
- (3170 ms) - 2019-4-12 18:26:29[DEBUG](AbstractAutowireCapableBeanFactory.java:1557) Invoking afterPropertiesSet() on bean with name 'org.springframework.web.servlet.mvc.method.annotation.ExceptionHandlerExceptionResolver#0'
- (3171 ms) - 2019-4-12 18:26:29[DEBUG](ExceptionHandlerExceptionResolver.java:282) Looking for exception mappings: WebApplicationContext for namespace 'spring-servlet': startup date [Fri Apr 12 18:26:28 GMT+08:00 2019]; parent: Root WebApplicationContext
- (3171 ms) - 2019-4-12 18:26:29[DEBUG](AbstractAutowireCapableBeanFactory.java:460) Finished creating instance of bean 'org.springframework.web.servlet.mvc.method.annotation.ExceptionHandlerExceptionResolver#0'
- (3171 ms) - 2019-4-12 18:26:29[DEBUG](DefaultSingletonBeanRegistry.java:215) Creating shared instance of singleton bean 'org.springframework.web.servlet.mvc.annotation.ResponseStatusExceptionResolver#0'
- (3171 ms) - 2019-4-12 18:26:29[DEBUG](AbstractAutowireCapableBeanFactory.java:432) Creating instance of bean 'org.springframework.web.servlet.mvc.annotation.ResponseStatusExceptionResolver#0'
- (3172 ms) - 2019-4-12 18:26:29[DEBUG](AbstractAutowireCapableBeanFactory.java:506) Eagerly caching bean 'org.springframework.web.servlet.mvc.annotation.ResponseStatusExceptionResolver#0' to allow for resolving potential circular references
- (3175 ms) - 2019-4-12 18:26:29[DEBUG](AbstractAutowireCapableBeanFactory.java:460) Finished creating instance of bean 'org.springframework.web.servlet.mvc.annotation.ResponseStatusExceptionResolver#0'
- (3175 ms) - 2019-4-12 18:26:29[DEBUG](DefaultSingletonBeanRegistry.java:215) Creating shared instance of singleton bean 'org.springframework.web.servlet.mvc.support.DefaultHandlerExceptionResolver#0'
- (3175 ms) - 2019-4-12 18:26:29[DEBUG](AbstractAutowireCapableBeanFactory.java:432) Creating instance of bean 'org.springframework.web.servlet.mvc.support.DefaultHandlerExceptionResolver#0'
- (3176 ms) - 2019-4-12 18:26:29[DEBUG](AbstractAutowireCapableBeanFactory.java:506) Eagerly caching bean 'org.springframework.web.servlet.mvc.support.DefaultHandlerExceptionResolver#0' to allow for resolving potential circular references
- (3179 ms) - 2019-4-12 18:26:29[DEBUG](AbstractAutowireCapableBeanFactory.java:460) Finished creating instance of bean 'org.springframework.web.servlet.mvc.support.DefaultHandlerExceptionResolver#0'
- (3179 ms) - 2019-4-12 18:26:29[DEBUG](DefaultSingletonBeanRegistry.java:215) Creating shared instance of singleton bean 'org.springframework.web.servlet.handler.BeanNameUrlHandlerMapping'
- (3179 ms) - 2019-4-12 18:26:29[DEBUG](AbstractAutowireCapableBeanFactory.java:432) Creating instance of bean 'org.springframework.web.servlet.handler.BeanNameUrlHandlerMapping'
- (3180 ms) - 2019-4-12 18:26:29[DEBUG](AbstractAutowireCapableBeanFactory.java:506) Eagerly caching bean 'org.springframework.web.servlet.handler.BeanNameUrlHandlerMapping' to allow for resolving potential circular references
- (3192 ms) - 2019-4-12 18:26:29[DEBUG](AbstractBeanFactory.java:243) Returning cached instance of singleton bean 'org.springframework.web.servlet.handler.MappedInterceptor#0'
- (3193 ms) - 2019-4-12 18:26:29[DEBUG](AbstractBeanFactory.java:243) Returning cached instance of singleton bean 'org.springframework.web.servlet.handler.MappedInterceptor#1'
- (3194 ms) - 2019-4-12 18:26:29[DEBUG](AbstractDetectingUrlHandlerMapping.java:71) Looking for URL mappings in application context: WebApplicationContext for namespace 'spring-servlet': startup date [Fri Apr 12 18:26:28 GMT+08:00 2019]; parent: Root WebApplicationContext
- (3194 ms) - 2019-4-12 18:26:29[DEBUG](AbstractDetectingUrlHandlerMapping.java:86) Rejected bean name 'loginController': no URL paths identified
- (3194 ms) - 2019-4-12 18:26:29[DEBUG](AbstractDetectingUrlHandlerMapping.java:86) Rejected bean name 'providerController': no URL paths identified
- (3194 ms) - 2019-4-12 18:26:29[DEBUG](AbstractDetectingUrlHandlerMapping.java:86) Rejected bean name 'userController': no URL paths identified
- (3194 ms) - 2019-4-12 18:26:29[DEBUG](AbstractDetectingUrlHandlerMapping.java:86) Rejected bean name 'org.springframework.context.annotation.internalConfigurationAnnotationProcessor': no URL paths identified
- (3194 ms) - 2019-4-12 18:26:29[DEBUG](AbstractDetectingUrlHandlerMapping.java:86) Rejected bean name 'org.springframework.context.annotation.internalAutowiredAnnotationProcessor': no URL paths identified
- (3194 ms) - 2019-4-12 18:26:29[DEBUG](AbstractDetectingUrlHandlerMapping.java:86) Rejected bean name 'org.springframework.context.annotation.internalRequiredAnnotationProcessor': no URL paths identified
- (3195 ms) - 2019-4-12 18:26:29[DEBUG](AbstractDetectingUrlHandlerMapping.java:86) Rejected bean name 'org.springframework.context.annotation.internalCommonAnnotationProcessor': no URL paths identified
- (3195 ms) - 2019-4-12 18:26:29[DEBUG](AbstractDetectingUrlHandlerMapping.java:86) Rejected bean name 'mvcContentNegotiationManager': no URL paths identified
- (3195 ms) - 2019-4-12 18:26:29[DEBUG](AbstractDetectingUrlHandlerMapping.java:86) Rejected bean name 'org.springframework.web.servlet.mvc.method.annotation.RequestMappingHandlerMapping#0': no URL paths identified
- (3195 ms) - 2019-4-12 18:26:29[DEBUG](AbstractDetectingUrlHandlerMapping.java:86) Rejected bean name 'org.springframework.format.support.FormattingConversionServiceFactoryBean#0': no URL paths identified
- (3195 ms) - 2019-4-12 18:26:29[DEBUG](AbstractDetectingUrlHandlerMapping.java:86) Rejected bean name 'org.springframework.validation.beanvalidation.LocalValidatorFactoryBean#0': no URL paths identified
- (3195 ms) - 2019-4-12 18:26:29[DEBUG](AbstractDetectingUrlHandlerMapping.java:86) Rejected bean name 'org.springframework.web.servlet.mvc.method.annotation.RequestMappingHandlerAdapter#0': no URL paths identified
- (3195 ms) - 2019-4-12 18:26:29[DEBUG](AbstractDetectingUrlHandlerMapping.java:86) Rejected bean name 'org.springframework.web.servlet.handler.MappedInterceptor#0': no URL paths identified
- (3195 ms) - 2019-4-12 18:26:29[DEBUG](AbstractDetectingUrlHandlerMapping.java:86) Rejected bean name 'org.springframework.web.servlet.mvc.method.annotation.ExceptionHandlerExceptionResolver#0': no URL paths identified
- (3196 ms) - 2019-4-12 18:26:29[DEBUG](AbstractDetectingUrlHandlerMapping.java:86) Rejected bean name 'org.springframework.web.servlet.mvc.annotation.ResponseStatusExceptionResolver#0': no URL paths identified
- (3196 ms) - 2019-4-12 18:26:29[DEBUG](AbstractDetectingUrlHandlerMapping.java:86) Rejected bean name 'org.springframework.web.servlet.mvc.support.DefaultHandlerExceptionResolver#0': no URL paths identified
- (3196 ms) - 2019-4-12 18:26:29[DEBUG](AbstractDetectingUrlHandlerMapping.java:86) Rejected bean name 'org.springframework.web.servlet.handler.BeanNameUrlHandlerMapping': no URL paths identified
- (3196 ms) - 2019-4-12 18:26:29[DEBUG](AbstractDetectingUrlHandlerMapping.java:86) Rejected bean name 'org.springframework.web.servlet.mvc.HttpRequestHandlerAdapter': no URL paths identified
- (3196 ms) - 2019-4-12 18:26:29[DEBUG](AbstractDetectingUrlHandlerMapping.java:86) Rejected bean name 'org.springframework.web.servlet.mvc.SimpleControllerHandlerAdapter': no URL paths identified
- (3196 ms) - 2019-4-12 18:26:29[DEBUG](AbstractDetectingUrlHandlerMapping.java:86) Rejected bean name 'org.springframework.web.servlet.resource.ResourceHttpRequestHandler#0': no URL paths identified
- (3196 ms) - 2019-4-12 18:26:29[DEBUG](AbstractDetectingUrlHandlerMapping.java:86) Rejected bean name 'org.springframework.web.servlet.handler.SimpleUrlHandlerMapping#0': no URL paths identified
- (3196 ms) - 2019-4-12 18:26:29[DEBUG](AbstractDetectingUrlHandlerMapping.java:86) Rejected bean name 'org.springframework.web.servlet.view.ContentNegotiatingViewResolver#0': no URL paths identified
- (3197 ms) - 2019-4-12 18:26:29[DEBUG](AbstractDetectingUrlHandlerMapping.java:86) Rejected bean name 'org.springframework.web.servlet.handler.MappedInterceptor#1': no URL paths identified
- (3197 ms) - 2019-4-12 18:26:29[DEBUG](AbstractDetectingUrlHandlerMapping.java:86) Rejected bean name 'multipartResolver': no URL paths identified
- (3197 ms) - 2019-4-12 18:26:29[DEBUG](AbstractDetectingUrlHandlerMapping.java:86) Rejected bean name 'org.springframework.context.annotation.ConfigurationClassPostProcessor.importAwareProcessor': no URL paths identified
- (3197 ms) - 2019-4-12 18:26:29[DEBUG](AbstractDetectingUrlHandlerMapping.java:86) Rejected bean name 'environment': no URL paths identified
- (3197 ms) - 2019-4-12 18:26:29[DEBUG](AbstractDetectingUrlHandlerMapping.java:86) Rejected bean name 'systemProperties': no URL paths identified
- (3197 ms) - 2019-4-12 18:26:29[DEBUG](AbstractDetectingUrlHandlerMapping.java:86) Rejected bean name 'systemEnvironment': no URL paths identified
- (3197 ms) - 2019-4-12 18:26:29[DEBUG](AbstractDetectingUrlHandlerMapping.java:86) Rejected bean name 'servletConfig': no URL paths identified
- (3197 ms) - 2019-4-12 18:26:29[DEBUG](AbstractDetectingUrlHandlerMapping.java:86) Rejected bean name 'org.springframework.context.annotation.ConfigurationClassPostProcessor.importRegistry': no URL paths identified
- (3198 ms) - 2019-4-12 18:26:29[DEBUG](AbstractDetectingUrlHandlerMapping.java:86) Rejected bean name 'messageSource': no URL paths identified
- (3198 ms) - 2019-4-12 18:26:29[DEBUG](AbstractDetectingUrlHandlerMapping.java:86) Rejected bean name 'applicationEventMulticaster': no URL paths identified
- (3198 ms) - 2019-4-12 18:26:29[DEBUG](AbstractAutowireCapableBeanFactory.java:460) Finished creating instance of bean 'org.springframework.web.servlet.handler.BeanNameUrlHandlerMapping'
- (3198 ms) - 2019-4-12 18:26:29[DEBUG](DefaultSingletonBeanRegistry.java:215) Creating shared instance of singleton bean 'org.springframework.web.servlet.mvc.HttpRequestHandlerAdapter'
- (3198 ms) - 2019-4-12 18:26:29[DEBUG](AbstractAutowireCapableBeanFactory.java:432) Creating instance of bean 'org.springframework.web.servlet.mvc.HttpRequestHandlerAdapter'
- (3198 ms) - 2019-4-12 18:26:29[DEBUG](AbstractAutowireCapableBeanFactory.java:506) Eagerly caching bean 'org.springframework.web.servlet.mvc.HttpRequestHandlerAdapter' to allow for resolving potential circular references
- (3200 ms) - 2019-4-12 18:26:29[DEBUG](AbstractAutowireCapableBeanFactory.java:460) Finished creating instance of bean 'org.springframework.web.servlet.mvc.HttpRequestHandlerAdapter'
- (3200 ms) - 2019-4-12 18:26:29[DEBUG](DefaultSingletonBeanRegistry.java:215) Creating shared instance of singleton bean 'org.springframework.web.servlet.mvc.SimpleControllerHandlerAdapter'
- (3200 ms) - 2019-4-12 18:26:29[DEBUG](AbstractAutowireCapableBeanFactory.java:432) Creating instance of bean 'org.springframework.web.servlet.mvc.SimpleControllerHandlerAdapter'
- (3200 ms) - 2019-4-12 18:26:29[DEBUG](AbstractAutowireCapableBeanFactory.java:506) Eagerly caching bean 'org.springframework.web.servlet.mvc.SimpleControllerHandlerAdapter' to allow for resolving potential circular references
- (3202 ms) - 2019-4-12 18:26:29[DEBUG](AbstractAutowireCapableBeanFactory.java:460) Finished creating instance of bean 'org.springframework.web.servlet.mvc.SimpleControllerHandlerAdapter'
- (3202 ms) - 2019-4-12 18:26:29[DEBUG](DefaultSingletonBeanRegistry.java:215) Creating shared instance of singleton bean 'org.springframework.web.servlet.resource.ResourceHttpRequestHandler#0'
- (3202 ms) - 2019-4-12 18:26:29[DEBUG](AbstractAutowireCapableBeanFactory.java:432) Creating instance of bean 'org.springframework.web.servlet.resource.ResourceHttpRequestHandler#0'
- (3203 ms) - 2019-4-12 18:26:29[DEBUG](AbstractAutowireCapableBeanFactory.java:506) Eagerly caching bean 'org.springframework.web.servlet.resource.ResourceHttpRequestHandler#0' to allow for resolving potential circular references
- (3210 ms) - 2019-4-12 18:26:29[DEBUG](AbstractAutowireCapableBeanFactory.java:1557) Invoking afterPropertiesSet() on bean with name 'org.springframework.web.servlet.resource.ResourceHttpRequestHandler#0'
- (3210 ms) - 2019-4-12 18:26:29[DEBUG](AbstractAutowireCapableBeanFactory.java:460) Finished creating instance of bean 'org.springframework.web.servlet.resource.ResourceHttpRequestHandler#0'
- (3210 ms) - 2019-4-12 18:26:29[DEBUG](DefaultSingletonBeanRegistry.java:215) Creating shared instance of singleton bean 'org.springframework.web.servlet.handler.SimpleUrlHandlerMapping#0'
- (3210 ms) - 2019-4-12 18:26:29[DEBUG](AbstractAutowireCapableBeanFactory.java:432) Creating instance of bean 'org.springframework.web.servlet.handler.SimpleUrlHandlerMapping#0'
- (3211 ms) - 2019-4-12 18:26:29[DEBUG](AbstractAutowireCapableBeanFactory.java:506) Eagerly caching bean 'org.springframework.web.servlet.handler.SimpleUrlHandlerMapping#0' to allow for resolving potential circular references
- (3217 ms) - 2019-4-12 18:26:29[DEBUG](AbstractBeanFactory.java:243) Returning cached instance of singleton bean 'org.springframework.web.servlet.handler.MappedInterceptor#0'
- (3217 ms) - 2019-4-12 18:26:29[DEBUG](AbstractBeanFactory.java:243) Returning cached instance of singleton bean 'org.springframework.web.servlet.handler.MappedInterceptor#1'
- (3217 ms) - 2019-4-12 18:26:29[DEBUG](AbstractBeanFactory.java:243) Returning cached instance of singleton bean 'org.springframework.web.servlet.resource.ResourceHttpRequestHandler#0'
- (3217 ms) - 2019-4-12 18:26:29[ INFO](AbstractUrlHandlerMapping.java:315) Mapped URL path [/statics/**] onto handler 'org.springframework.web.servlet.resource.ResourceHttpRequestHandler#0'
- (3218 ms) - 2019-4-12 18:26:29[DEBUG](AbstractAutowireCapableBeanFactory.java:460) Finished creating instance of bean 'org.springframework.web.servlet.handler.SimpleUrlHandlerMapping#0'
- (3218 ms) - 2019-4-12 18:26:29[DEBUG](DefaultSingletonBeanRegistry.java:215) Creating shared instance of singleton bean 'org.springframework.web.servlet.view.ContentNegotiatingViewResolver#0'
- (3218 ms) - 2019-4-12 18:26:29[DEBUG](AbstractAutowireCapableBeanFactory.java:432) Creating instance of bean 'org.springframework.web.servlet.view.ContentNegotiatingViewResolver#0'
- (3220 ms) - 2019-4-12 18:26:29[DEBUG](AbstractAutowireCapableBeanFactory.java:506) Eagerly caching bean 'org.springframework.web.servlet.view.ContentNegotiatingViewResolver#0' to allow for resolving potential circular references
- (3224 ms) - 2019-4-12 18:26:29[DEBUG](AbstractAutowireCapableBeanFactory.java:432) Creating instance of bean 'org.springframework.web.servlet.view.InternalResourceViewResolver#11bcf40'
- (3243 ms) - 2019-4-12 18:26:29[DEBUG](AbstractAutowireCapableBeanFactory.java:460) Finished creating instance of bean 'org.springframework.web.servlet.view.InternalResourceViewResolver#11bcf40'
- (3243 ms) - 2019-4-12 18:26:29[DEBUG](AbstractBeanFactory.java:239) Returning eagerly cached instance of singleton bean 'org.springframework.web.servlet.view.ContentNegotiatingViewResolver#0' that is not fully initialized yet - a consequence of a circular reference
- (3244 ms) - 2019-4-12 18:26:29[DEBUG](AbstractAutowireCapableBeanFactory.java:1557) Invoking afterPropertiesSet() on bean with name 'org.springframework.web.servlet.view.ContentNegotiatingViewResolver#0'
- (3245 ms) - 2019-4-12 18:26:29[DEBUG](AbstractAutowireCapableBeanFactory.java:460) Finished creating instance of bean 'org.springframework.web.servlet.view.ContentNegotiatingViewResolver#0'
- (3245 ms) - 2019-4-12 18:26:29[DEBUG](AbstractBeanFactory.java:243) Returning cached instance of singleton bean 'org.springframework.web.servlet.handler.MappedInterceptor#1'
- (3246 ms) - 2019-4-12 18:26:29[DEBUG](DefaultSingletonBeanRegistry.java:215) Creating shared instance of singleton bean 'multipartResolver'
- (3246 ms) - 2019-4-12 18:26:29[DEBUG](AbstractAutowireCapableBeanFactory.java:432) Creating instance of bean 'multipartResolver'
- (3259 ms) - 2019-4-12 18:26:29[DEBUG](AbstractAutowireCapableBeanFactory.java:506) Eagerly caching bean 'multipartResolver' to allow for resolving potential circular references
- (3264 ms) - 2019-4-12 18:26:29[DEBUG](AbstractAutowireCapableBeanFactory.java:460) Finished creating instance of bean 'multipartResolver'
- (3264 ms) - 2019-4-12 18:26:29[DEBUG](AbstractBeanFactory.java:243) Returning cached instance of singleton bean 'org.springframework.context.annotation.ConfigurationClassPostProcessor.importAwareProcessor'
- (3265 ms) - 2019-4-12 18:26:29[DEBUG](AbstractApplicationContext.java:860) Unable to locate LifecycleProcessor with name 'lifecycleProcessor': using default [org.springframework.context.support.DefaultLifecycleProcessor@1a8f14d]
- (3265 ms) - 2019-4-12 18:26:29[DEBUG](AbstractBeanFactory.java:243) Returning cached instance of singleton bean 'lifecycleProcessor'
- (3265 ms) - 2019-4-12 18:26:29[DEBUG](AbstractBeanFactory.java:243) Returning cached instance of singleton bean 'multipartResolver'
- (3265 ms) - 2019-4-12 18:26:29[DEBUG](DispatcherServlet.java:457) Using MultipartResolver [org.springframework.web.multipart.commons.CommonsMultipartResolver@59eca3]
- (3266 ms) - 2019-4-12 18:26:29[DEBUG](AbstractAutowireCapableBeanFactory.java:432) Creating instance of bean 'org.springframework.web.servlet.i18n.AcceptHeaderLocaleResolver'
- (3269 ms) - 2019-4-12 18:26:29[DEBUG](AbstractAutowireCapableBeanFactory.java:460) Finished creating instance of bean 'org.springframework.web.servlet.i18n.AcceptHeaderLocaleResolver'
- (3270 ms) - 2019-4-12 18:26:29[DEBUG](DispatcherServlet.java:486) Unable to locate LocaleResolver with name 'localeResolver': using default [org.springframework.web.servlet.i18n.AcceptHeaderLocaleResolver@2d413c]
- (3271 ms) - 2019-4-12 18:26:29[DEBUG](AbstractAutowireCapableBeanFactory.java:432) Creating instance of bean 'org.springframework.web.servlet.theme.FixedThemeResolver'
- (3275 ms) - 2019-4-12 18:26:29[DEBUG](AbstractAutowireCapableBeanFactory.java:460) Finished creating instance of bean 'org.springframework.web.servlet.theme.FixedThemeResolver'
- (3275 ms) - 2019-4-12 18:26:29[DEBUG](DispatcherServlet.java:508) Unable to locate ThemeResolver with name 'themeResolver': using default [org.springframework.web.servlet.theme.FixedThemeResolver@152a0ac]
- (3275 ms) - 2019-4-12 18:26:29[DEBUG](AbstractBeanFactory.java:243) Returning cached instance of singleton bean 'org.springframework.web.servlet.mvc.method.annotation.RequestMappingHandlerMapping#0'
- (3275 ms) - 2019-4-12 18:26:29[DEBUG](AbstractBeanFactory.java:243) Returning cached instance of singleton bean 'org.springframework.web.servlet.handler.BeanNameUrlHandlerMapping'
- (3275 ms) - 2019-4-12 18:26:29[DEBUG](AbstractBeanFactory.java:243) Returning cached instance of singleton bean 'org.springframework.web.servlet.handler.SimpleUrlHandlerMapping#0'
- (3276 ms) - 2019-4-12 18:26:29[DEBUG](AbstractBeanFactory.java:243) Returning cached instance of singleton bean 'org.springframework.web.servlet.mvc.method.annotation.RequestMappingHandlerAdapter#0'
- (3276 ms) - 2019-4-12 18:26:29[DEBUG](AbstractBeanFactory.java:243) Returning cached instance of singleton bean 'org.springframework.web.servlet.mvc.HttpRequestHandlerAdapter'
- (3276 ms) - 2019-4-12 18:26:29[DEBUG](AbstractBeanFactory.java:243) Returning cached instance of singleton bean 'org.springframework.web.servlet.mvc.SimpleControllerHandlerAdapter'
- (3276 ms) - 2019-4-12 18:26:29[DEBUG](AbstractBeanFactory.java:243) Returning cached instance of singleton bean 'org.springframework.web.servlet.mvc.method.annotation.ExceptionHandlerExceptionResolver#0'
- (3276 ms) - 2019-4-12 18:26:29[DEBUG](AbstractBeanFactory.java:243) Returning cached instance of singleton bean 'org.springframework.web.servlet.mvc.annotation.ResponseStatusExceptionResolver#0'
- (3276 ms) - 2019-4-12 18:26:29[DEBUG](AbstractBeanFactory.java:243) Returning cached instance of singleton bean 'org.springframework.web.servlet.mvc.support.DefaultHandlerExceptionResolver#0'
- (3278 ms) - 2019-4-12 18:26:29[DEBUG](AbstractAutowireCapableBeanFactory.java:432) Creating instance of bean 'org.springframework.web.servlet.view.DefaultRequestToViewNameTranslator'
- (3281 ms) - 2019-4-12 18:26:29[DEBUG](AbstractAutowireCapableBeanFactory.java:460) Finished creating instance of bean 'org.springframework.web.servlet.view.DefaultRequestToViewNameTranslator'
- (3282 ms) - 2019-4-12 18:26:29[DEBUG](DispatcherServlet.java:646) Unable to locate RequestToViewNameTranslator with name 'viewNameTranslator': using default [org.springframework.web.servlet.view.DefaultRequestToViewNameTranslator@6e4bf0]
- (3282 ms) - 2019-4-12 18:26:29[DEBUG](AbstractBeanFactory.java:243) Returning cached instance of singleton bean 'org.springframework.web.servlet.view.ContentNegotiatingViewResolver#0'
- (3284 ms) - 2019-4-12 18:26:29[DEBUG](AbstractAutowireCapableBeanFactory.java:432) Creating instance of bean 'org.springframework.web.servlet.support.SessionFlashMapManager'
- (3289 ms) - 2019-4-12 18:26:29[DEBUG](AbstractAutowireCapableBeanFactory.java:460) Finished creating instance of bean 'org.springframework.web.servlet.support.SessionFlashMapManager'
- (3289 ms) - 2019-4-12 18:26:29[DEBUG](DispatcherServlet.java:708) Unable to locate FlashMapManager with name 'flashMapManager': using default [org.springframework.web.servlet.support.SessionFlashMapManager@95dd11]
- (3290 ms) - 2019-4-12 18:26:29[DEBUG](PropertySourcesPropertyResolver.java:81) Searching for key 'spring.liveBeansView.mbeanDomain' in [servletConfigInitParams]
- (3290 ms) - 2019-4-12 18:26:29[DEBUG](PropertySourcesPropertyResolver.java:81) Searching for key 'spring.liveBeansView.mbeanDomain' in [servletContextInitParams]
- (3290 ms) - 2019-4-12 18:26:29[DEBUG](PropertySourcesPropertyResolver.java:81) Searching for key 'spring.liveBeansView.mbeanDomain' in [jndiProperties]
- (3290 ms) - 2019-4-12 18:26:29[DEBUG](JndiTemplate.java:150) Looking up JNDI object with name [java:comp/env/spring.liveBeansView.mbeanDomain]
- (3290 ms) - 2019-4-12 18:26:29[DEBUG](JndiLocatorSupport.java:101) Converted JNDI name [java:comp/env/spring.liveBeansView.mbeanDomain] not found - trying original name [spring.liveBeansView.mbeanDomain]. javax.naming.NameNotFoundException: Name [spring.liveBeansView.mbeanDomain] is not bound in this Context. Unable to find [spring.liveBeansView.mbeanDomain].
- (3291 ms) - 2019-4-12 18:26:29[DEBUG](JndiTemplate.java:150) Looking up JNDI object with name [spring.liveBeansView.mbeanDomain]
- (3291 ms) - 2019-4-12 18:26:29[DEBUG](JndiPropertySource.java:90) JNDI lookup for name [spring.liveBeansView.mbeanDomain] threw NamingException with message: Name [spring.liveBeansView.mbeanDomain] is not bound in this Context. Unable to find [spring.liveBeansView.mbeanDomain].. Returning null.
- (3291 ms) - 2019-4-12 18:26:29[DEBUG](PropertySourcesPropertyResolver.java:81) Searching for key 'spring.liveBeansView.mbeanDomain' in [systemProperties]
- (3291 ms) - 2019-4-12 18:26:29[DEBUG](PropertySourcesPropertyResolver.java:81) Searching for key 'spring.liveBeansView.mbeanDomain' in [systemEnvironment]
- (3291 ms) - 2019-4-12 18:26:29[DEBUG](PropertySourcesPropertyResolver.java:103) Could not find key 'spring.liveBeansView.mbeanDomain' in any property source. Returning [null]
- (3291 ms) - 2019-4-12 18:26:29[DEBUG](FrameworkServlet.java:536) Published WebApplicationContext of servlet 'spring' as ServletContext attribute with name [org.springframework.web.servlet.FrameworkServlet.CONTEXT.spring]
- (3292 ms) - 2019-4-12 18:26:29[ INFO](FrameworkServlet.java:476) FrameworkServlet 'spring': initialization completed in 947 ms
- (3292 ms) - 2019-4-12 18:26:29[DEBUG](HttpServletBean.java:139) Servlet 'spring' configured successfully
- (21394 ms) - 2019-4-12 18:26:47[DEBUG](DispatcherServlet.java:819) DispatcherServlet with name 'spring' processing GET request for [/statics/css/style.css]
- (21405 ms) - 2019-4-12 18:26:47[DEBUG](AbstractHandlerMethodMapping.java:229) Looking up handler method for path /statics/css/style.css
- (21417 ms) - 2019-4-12 18:26:47[DEBUG](AbstractHandlerMethodMapping.java:237) Did not find handler method for [/statics/css/style.css]
- (21418 ms) - 2019-4-12 18:26:47[DEBUG](AbstractUrlHandlerMapping.java:169) Matching patterns for request [/statics/css/style.css] are [/statics/**]
- (21419 ms) - 2019-4-12 18:26:47[DEBUG](AbstractUrlHandlerMapping.java:194) URI Template variables for request [/statics/css/style.css] are {}
- (21423 ms) - 2019-4-12 18:26:47[DEBUG](AbstractUrlHandlerMapping.java:124) Mapping [/statics/css/style.css] to HandlerExecutionChain with handler [org.springframework.web.servlet.resource.ResourceHttpRequestHandler@1ad4553] and 1 interceptor
- (21425 ms) - 2019-4-12 18:26:47[DEBUG](DispatcherServlet.java:906) Last-Modified value for [/statics/css/style.css] is: -1
- (21432 ms) - 2019-4-12 18:26:47[DEBUG](ResourceHttpRequestHandler.java:194) Trying relative path [css/style.css] against base location: ServletContext resource [/statics/]
- (21452 ms) - 2019-4-12 18:26:47[DEBUG](ResourceHttpRequestHandler.java:200) Found matching resource: ServletContext resource [/statics/css/style.css]
- (21452 ms) - 2019-4-12 18:26:47[DEBUG](ResourceHttpRequestHandler.java:137) Determined media type 'text/css' for ServletContext resource [/statics/css/style.css]
- (21466 ms) - 2019-4-12 18:26:47[DEBUG](DispatcherServlet.java:993) Null ModelAndView returned to DispatcherServlet with name 'spring': assuming HandlerAdapter completed request handling
- (21466 ms) - 2019-4-12 18:26:47[DEBUG](FrameworkServlet.java:983) Successfully completed request
- (21467 ms) - 2019-4-12 18:26:47[DEBUG](AbstractBeanFactory.java:243) Returning cached instance of singleton bean 'sqlSessionFactory'
- (21476 ms) - 2019-4-12 18:26:47[DEBUG](DispatcherServlet.java:819) DispatcherServlet with name 'spring' processing GET request for [/statics/images/login_bg.jpg]
- (21476 ms) - 2019-4-12 18:26:47[DEBUG](AbstractHandlerMethodMapping.java:229) Looking up handler method for path /statics/images/login_bg.jpg
- (21478 ms) - 2019-4-12 18:26:47[DEBUG](DispatcherServlet.java:819) DispatcherServlet with name 'spring' processing GET request for [/statics/images/formBg.png]
- (21478 ms) - 2019-4-12 18:26:47[DEBUG](DispatcherServlet.java:819) DispatcherServlet with name 'spring' processing GET request for [/statics/images/loginBg.jpg]
- (21481 ms) - 2019-4-12 18:26:47[DEBUG](AbstractHandlerMethodMapping.java:237) Did not find handler method for [/statics/images/login_bg.jpg]
- (21481 ms) - 2019-4-12 18:26:47[DEBUG](AbstractHandlerMethodMapping.java:229) Looking up handler method for path /statics/images/formBg.png
- (21483 ms) - 2019-4-12 18:26:47[DEBUG](AbstractUrlHandlerMapping.java:169) Matching patterns for request [/statics/images/login_bg.jpg] are [/statics/**]
- (21482 ms) - 2019-4-12 18:26:47[DEBUG](AbstractHandlerMethodMapping.java:229) Looking up handler method for path /statics/images/loginBg.jpg
- (21483 ms) - 2019-4-12 18:26:47[DEBUG](AbstractUrlHandlerMapping.java:194) URI Template variables for request [/statics/images/login_bg.jpg] are {}
- (21484 ms) - 2019-4-12 18:26:47[DEBUG](AbstractUrlHandlerMapping.java:124) Mapping [/statics/images/login_bg.jpg] to HandlerExecutionChain with handler [org.springframework.web.servlet.resource.ResourceHttpRequestHandler@1ad4553] and 1 interceptor
- (21484 ms) - 2019-4-12 18:26:47[DEBUG](DispatcherServlet.java:906) Last-Modified value for [/statics/images/login_bg.jpg] is: -1
- (21484 ms) - 2019-4-12 18:26:47[DEBUG](AbstractHandlerMethodMapping.java:237) Did not find handler method for [/statics/images/formBg.png]
- (21484 ms) - 2019-4-12 18:26:47[DEBUG](ResourceHttpRequestHandler.java:194) Trying relative path [images/login_bg.jpg] against base location: ServletContext resource [/statics/]
- (21485 ms) - 2019-4-12 18:26:47[DEBUG](AbstractHandlerMethodMapping.java:237) Did not find handler method for [/statics/images/loginBg.jpg]
- (21485 ms) - 2019-4-12 18:26:47[DEBUG](AbstractUrlHandlerMapping.java:169) Matching patterns for request [/statics/images/formBg.png] are [/statics/**]
- (21487 ms) - 2019-4-12 18:26:47[DEBUG](AbstractUrlHandlerMapping.java:169) Matching patterns for request [/statics/images/loginBg.jpg] are [/statics/**]
- (21487 ms) - 2019-4-12 18:26:47[DEBUG](AbstractUrlHandlerMapping.java:194) URI Template variables for request [/statics/images/formBg.png] are {}
- (21487 ms) - 2019-4-12 18:26:47[DEBUG](AbstractUrlHandlerMapping.java:194) URI Template variables for request [/statics/images/loginBg.jpg] are {}
- (21487 ms) - 2019-4-12 18:26:47[DEBUG](AbstractUrlHandlerMapping.java:124) Mapping [/statics/images/formBg.png] to HandlerExecutionChain with handler [org.springframework.web.servlet.resource.ResourceHttpRequestHandler@1ad4553] and 1 interceptor
- (21487 ms) - 2019-4-12 18:26:47[DEBUG](AbstractUrlHandlerMapping.java:124) Mapping [/statics/images/loginBg.jpg] to HandlerExecutionChain with handler [org.springframework.web.servlet.resource.ResourceHttpRequestHandler@1ad4553] and 1 interceptor
- (21488 ms) - 2019-4-12 18:26:47[DEBUG](DispatcherServlet.java:906) Last-Modified value for [/statics/images/formBg.png] is: -1
- (21488 ms) - 2019-4-12 18:26:47[DEBUG](DispatcherServlet.java:906) Last-Modified value for [/statics/images/loginBg.jpg] is: -1
- (21488 ms) - 2019-4-12 18:26:47[DEBUG](ResourceHttpRequestHandler.java:194) Trying relative path [images/formBg.png] against base location: ServletContext resource [/statics/]
- (21488 ms) - 2019-4-12 18:26:47[DEBUG](ResourceHttpRequestHandler.java:194) Trying relative path [images/loginBg.jpg] against base location: ServletContext resource [/statics/]
- (21547 ms) - 2019-4-12 18:26:47[DEBUG](ResourceHttpRequestHandler.java:200) Found matching resource: ServletContext resource [/statics/images/login_bg.jpg]
- (21547 ms) - 2019-4-12 18:26:47[DEBUG](ResourceHttpRequestHandler.java:200) Found matching resource: ServletContext resource [/statics/images/formBg.png]
- (21547 ms) - 2019-4-12 18:26:47[DEBUG](ResourceHttpRequestHandler.java:137) Determined media type 'image/jpeg' for ServletContext resource [/statics/images/login_bg.jpg]
- (21547 ms) - 2019-4-12 18:26:47[DEBUG](ResourceHttpRequestHandler.java:137) Determined media type 'image/png' for ServletContext resource [/statics/images/formBg.png]
- (21550 ms) - 2019-4-12 18:26:47[DEBUG](DispatcherServlet.java:993) Null ModelAndView returned to DispatcherServlet with name 'spring': assuming HandlerAdapter completed request handling
- (21550 ms) - 2019-4-12 18:26:47[DEBUG](DispatcherServlet.java:993) Null ModelAndView returned to DispatcherServlet with name 'spring': assuming HandlerAdapter completed request handling
- (21550 ms) - 2019-4-12 18:26:47[DEBUG](FrameworkServlet.java:983) Successfully completed request
- (21551 ms) - 2019-4-12 18:26:47[DEBUG](FrameworkServlet.java:983) Successfully completed request
- (21553 ms) - 2019-4-12 18:26:47[DEBUG](ResourceHttpRequestHandler.java:200) Found matching resource: ServletContext resource [/statics/images/loginBg.jpg]
- (21553 ms) - 2019-4-12 18:26:47[DEBUG](ResourceHttpRequestHandler.java:137) Determined media type 'image/jpeg' for ServletContext resource [/statics/images/loginBg.jpg]
- (21555 ms) - 2019-4-12 18:26:47[DEBUG](DispatcherServlet.java:993) Null ModelAndView returned to DispatcherServlet with name 'spring': assuming HandlerAdapter completed request handling
- (21556 ms) - 2019-4-12 18:26:47[DEBUG](FrameworkServlet.java:983) Successfully completed request
- (638571 ms) - 2019-4-12 18:37:04[ INFO](AbstractApplicationContext.java:1044) Closing WebApplicationContext for namespace 'spring-servlet': startup date [Fri Apr 12 18:26:28 GMT+08:00 2019]; parent: Root WebApplicationContext
- (638572 ms) - 2019-4-12 18:37:04[DEBUG](AbstractBeanFactory.java:243) Returning cached instance of singleton bean 'sqlSessionFactory'
- (638572 ms) - 2019-4-12 18:37:04[DEBUG](AbstractBeanFactory.java:243) Returning cached instance of singleton bean 'lifecycleProcessor'
- (638572 ms) - 2019-4-12 18:37:04[ INFO](DefaultSingletonBeanRegistry.java:444) Destroying singletons in org.springframework.beans.factory.support.DefaultListableBeanFactory@14a25c7: defining beans [loginController,providerController,userController,org.springframework.context.annotation.internalConfigurationAnnotationProcessor,org.springframework.context.annotation.internalAutowiredAnnotationProcessor,org.springframework.context.annotation.internalRequiredAnnotationProcessor,org.springframework.context.annotation.internalCommonAnnotationProcessor,mvcContentNegotiationManager,org.springframework.web.servlet.mvc.method.annotation.RequestMappingHandlerMapping#0,org.springframework.format.support.FormattingConversionServiceFactoryBean#0,org.springframework.validation.beanvalidation.LocalValidatorFactoryBean#0,org.springframework.web.servlet.mvc.method.annotation.RequestMappingHandlerAdapter#0,org.springframework.web.servlet.handler.MappedInterceptor#0,org.springframework.web.servlet.mvc.method.annotation.ExceptionHandlerExceptionResolver#0,org.springframework.web.servlet.mvc.annotation.ResponseStatusExceptionResolver#0,org.springframework.web.servlet.mvc.support.DefaultHandlerExceptionResolver#0,org.springframework.web.servlet.handler.BeanNameUrlHandlerMapping,org.springframework.web.servlet.mvc.HttpRequestHandlerAdapter,org.springframework.web.servlet.mvc.SimpleControllerHandlerAdapter,org.springframework.web.servlet.resource.ResourceHttpRequestHandler#0,org.springframework.web.servlet.handler.SimpleUrlHandlerMapping#0,org.springframework.web.servlet.view.ContentNegotiatingViewResolver#0,org.springframework.web.servlet.handler.MappedInterceptor#1,multipartResolver,org.springframework.context.annotation.ConfigurationClassPostProcessor.importAwareProcessor]; parent: org.springframework.beans.factory.support.DefaultListableBeanFactory@41376f
- (638573 ms) - 2019-4-12 18:37:04[DEBUG](DefaultSingletonBeanRegistry.java:500) Retrieved dependent beans for bean 'org.springframework.web.servlet.view.InternalResourceViewResolver#11bcf40': [org.springframework.web.servlet.view.ContentNegotiatingViewResolver#0]
- (638573 ms) - 2019-4-12 18:37:04[DEBUG](DefaultSingletonBeanRegistry.java:500) Retrieved dependent beans for bean 'org.springframework.http.converter.StringHttpMessageConverter#0#1': [org.springframework.web.servlet.mvc.method.annotation.ExceptionHandlerExceptionResolver#0]
- (638573 ms) - 2019-4-12 18:37:04[DEBUG](DefaultSingletonBeanRegistry.java:500) Retrieved dependent beans for bean '(inner bean)#1fceb3e': [org.springframework.web.servlet.mvc.method.annotation.RequestMappingHandlerAdapter#0]
- (638574 ms) - 2019-4-12 18:37:04[DEBUG](DefaultSingletonBeanRegistry.java:500) Retrieved dependent beans for bean 'cn.smbms.interceptor.SysInterceptor#0': [org.springframework.web.servlet.handler.MappedInterceptor#1]
- (638574 ms) - 2019-4-12 18:37:04[DEBUG](DefaultSingletonBeanRegistry.java:500) Retrieved dependent beans for bean '(inner bean)#aa5e68': [org.springframework.web.servlet.handler.MappedInterceptor#0]
